        -:    0:Source:D:/GitHub_Repos/pwr_AiZO_project1/cmake-build-debug-coverage/_deps/googletest-src/googletest/src/gtest.cc
        -:    0:Graph:D:\GitHub_Repos\pwr_AiZO_project1\cmake-build-debug-coverage\_deps\googletest-build\googletest\CMakeFiles\gtest.dir\src\gtest-all.cc.gcno
        -:    0:Data:D:\GitHub_Repos\pwr_AiZO_project1\cmake-build-debug-coverage\_deps\googletest-build\googletest\CMakeFiles\gtest.dir\src\gtest-all.cc.gcda
        -:    0:Runs:1
        -:    1:// Copyright 2005, Google Inc.
        -:    2:// All rights reserved.
        -:    3://
        -:    4:// Redistribution and use in source and binary forms, with or without
        -:    5:// modification, are permitted provided that the following conditions are
        -:    6:// met:
        -:    7://
        -:    8://     * Redistributions of source code must retain the above copyright
        -:    9:// notice, this list of conditions and the following disclaimer.
        -:   10://     * Redistributions in binary form must reproduce the above
        -:   11:// copyright notice, this list of conditions and the following disclaimer
        -:   12:// in the documentation and/or other materials provided with the
        -:   13:// distribution.
        -:   14://     * Neither the name of Google Inc. nor the names of its
        -:   15:// contributors may be used to endorse or promote products derived from
        -:   16:// this software without specific prior written permission.
        -:   17://
        -:   18:// THIS SOFTWARE IS PROVIDED BY THE COPYRIGHT HOLDERS AND CONTRIBUTORS
        -:   19:// "AS IS" AND ANY EXPRESS OR IMPLIED WARRANTIES, INCLUDING, BUT NOT
        -:   20:// LIMITED TO, THE IMPLIED WARRANTIES OF MERCHANTABILITY AND FITNESS FOR
        -:   21:// A PARTICULAR PURPOSE ARE DISCLAIMED. IN NO EVENT SHALL THE COPYRIGHT
        -:   22:// OWNER OR CONTRIBUTORS BE LIABLE FOR ANY DIRECT, INDIRECT, INCIDENTAL,
        -:   23:// SPECIAL, EXEMPLARY, OR CONSEQUENTIAL DAMAGES (INCLUDING, BUT NOT
        -:   24:// LIMITED TO, PROCUREMENT OF SUBSTITUTE GOODS OR SERVICES; LOSS OF USE,
        -:   25:// DATA, OR PROFITS; OR BUSINESS INTERRUPTION) HOWEVER CAUSED AND ON ANY
        -:   26:// THEORY OF LIABILITY, WHETHER IN CONTRACT, STRICT LIABILITY, OR TORT
        -:   27:// (INCLUDING NEGLIGENCE OR OTHERWISE) ARISING IN ANY WAY OUT OF THE USE
        -:   28:// OF THIS SOFTWARE, EVEN IF ADVISED OF THE POSSIBILITY OF SUCH DAMAGE.
        -:   29:
        -:   30://
        -:   31:// The Google C++ Testing and Mocking Framework (Google Test)
        -:   32:
        -:   33:#include "gtest/gtest.h"
        -:   34:
        -:   35:#include <ctype.h>
        -:   36:#include <stdarg.h>
        -:   37:#include <stdio.h>
        -:   38:#include <stdlib.h>
        -:   39:#include <time.h>
        -:   40:#include <wchar.h>
        -:   41:#include <wctype.h>
        -:   42:
        -:   43:#include <algorithm>
        -:   44:#include <chrono>  // NOLINT
        -:   45:#include <cmath>
        -:   46:#include <cstdint>
        -:   47:#include <initializer_list>
        -:   48:#include <iomanip>
        -:   49:#include <iterator>
        -:   50:#include <limits>
        -:   51:#include <list>
        -:   52:#include <map>
        -:   53:#include <ostream>  // NOLINT
        -:   54:#include <sstream>
        -:   55:#include <unordered_set>
        -:   56:#include <vector>
        -:   57:
        -:   58:#include "gtest/gtest-assertion-result.h"
        -:   59:#include "gtest/gtest-spi.h"
        -:   60:#include "gtest/internal/custom/gtest.h"
        -:   61:
        -:   62:#if GTEST_OS_LINUX
        -:   63:
        -:   64:#include <fcntl.h>   // NOLINT
        -:   65:#include <limits.h>  // NOLINT
        -:   66:#include <sched.h>   // NOLINT
        -:   67:// Declares vsnprintf().  This header is not available on Windows.
        -:   68:#include <strings.h>   // NOLINT
        -:   69:#include <sys/mman.h>  // NOLINT
        -:   70:#include <sys/time.h>  // NOLINT
        -:   71:#include <unistd.h>    // NOLINT
        -:   72:
        -:   73:#include <string>
        -:   74:
        -:   75:#elif GTEST_OS_ZOS
        -:   76:#include <sys/time.h>  // NOLINT
        -:   77:
        -:   78:// On z/OS we additionally need strings.h for strcasecmp.
        -:   79:#include <strings.h>   // NOLINT
        -:   80:
        -:   81:#elif GTEST_OS_WINDOWS_MOBILE  // We are on Windows CE.
        -:   82:
        -:   83:#include <windows.h>  // NOLINT
        -:   84:#undef min
        -:   85:
        -:   86:#elif GTEST_OS_WINDOWS  // We are on Windows proper.
        -:   87:
        -:   88:#include <windows.h>  // NOLINT
        -:   89:#undef min
        -:   90:
        -:   91:#ifdef _MSC_VER
        -:   92:#include <crtdbg.h>  // NOLINT
        -:   93:#endif
        -:   94:
        -:   95:#include <io.h>         // NOLINT
        -:   96:#include <sys/stat.h>   // NOLINT
        -:   97:#include <sys/timeb.h>  // NOLINT
        -:   98:#include <sys/types.h>  // NOLINT
        -:   99:
        -:  100:#if GTEST_OS_WINDOWS_MINGW
        -:  101:#include <sys/time.h>  // NOLINT
        -:  102:#endif                 // GTEST_OS_WINDOWS_MINGW
        -:  103:
        -:  104:#else
        -:  105:
        -:  106:// cpplint thinks that the header is already included, so we want to
        -:  107:// silence it.
        -:  108:#include <sys/time.h>  // NOLINT
        -:  109:#include <unistd.h>    // NOLINT
        -:  110:
        -:  111:#endif  // GTEST_OS_LINUX
        -:  112:
        -:  113:#if GTEST_HAS_EXCEPTIONS
        -:  114:#include <stdexcept>
        -:  115:#endif
        -:  116:
        -:  117:#if GTEST_CAN_STREAM_RESULTS_
        -:  118:#include <arpa/inet.h>   // NOLINT
        -:  119:#include <netdb.h>       // NOLINT
        -:  120:#include <sys/socket.h>  // NOLINT
        -:  121:#include <sys/types.h>   // NOLINT
        -:  122:#endif
        -:  123:
        -:  124:#include "src/gtest-internal-inl.h"
        -:  125:
        -:  126:#if GTEST_OS_WINDOWS
        -:  127:#define vsnprintf _vsnprintf
        -:  128:#endif  // GTEST_OS_WINDOWS
        -:  129:
        -:  130:#if GTEST_OS_MAC
        -:  131:#ifndef GTEST_OS_IOS
        -:  132:#include <crt_externs.h>
        -:  133:#endif
        -:  134:#endif
        -:  135:
        -:  136:#if GTEST_HAS_ABSL
        -:  137:#include "absl/debugging/failure_signal_handler.h"
        -:  138:#include "absl/debugging/stacktrace.h"
        -:  139:#include "absl/debugging/symbolize.h"
        -:  140:#include "absl/flags/parse.h"
        -:  141:#include "absl/flags/usage.h"
        -:  142:#include "absl/strings/str_cat.h"
        -:  143:#include "absl/strings/str_replace.h"
        -:  144:#endif  // GTEST_HAS_ABSL
        -:  145:
        -:  146:// Checks builtin compiler feature |x| while avoiding an extra layer of #ifdefs
        -:  147:// at the callsite.
        -:  148:#if defined(__has_builtin)
        -:  149:#define GTEST_HAS_BUILTIN(x) __has_builtin(x)
        -:  150:#else
        -:  151:#define GTEST_HAS_BUILTIN(x) 0
        -:  152:#endif  // defined(__has_builtin)
        -:  153:
        -:  154:namespace testing {
        -:  155:
        -:  156:using internal::CountIf;
        -:  157:using internal::ForEach;
        -:  158:using internal::GetElementOr;
        -:  159:using internal::Shuffle;
        -:  160:
        -:  161:// Constants.
        -:  162:
        -:  163:// A test whose test suite name or test name matches this filter is
        -:  164:// disabled and not run.
        -:  165:static const char kDisableTestFilter[] = "DISABLED_*:*/DISABLED_*";
        -:  166:
        -:  167:// A test suite whose name matches this filter is considered a death
        -:  168:// test suite and will be run before test suites whose name doesn't
        -:  169:// match this filter.
        -:  170:static const char kDeathTestSuiteFilter[] = "*DeathTest:*DeathTest/*";
        -:  171:
        -:  172:// A test filter that matches everything.
        -:  173:static const char kUniversalFilter[] = "*";
        -:  174:
        -:  175:// The default output format.
        -:  176:static const char kDefaultOutputFormat[] = "xml";
        -:  177:// The default output file.
        -:  178:static const char kDefaultOutputFile[] = "test_detail";
        -:  179:
        -:  180:// The environment variable name for the test shard index.
        -:  181:static const char kTestShardIndex[] = "GTEST_SHARD_INDEX";
        -:  182:// The environment variable name for the total number of test shards.
        -:  183:static const char kTestTotalShards[] = "GTEST_TOTAL_SHARDS";
        -:  184:// The environment variable name for the test shard status file.
        -:  185:static const char kTestShardStatusFile[] = "GTEST_SHARD_STATUS_FILE";
        -:  186:
        -:  187:namespace internal {
        -:  188:
        -:  189:// The text used in failure messages to indicate the start of the
        -:  190:// stack trace.
        -:  191:const char kStackTraceMarker[] = "\nStack trace:\n";
        -:  192:
        -:  193:// g_help_flag is true if and only if the --help flag or an equivalent form
        -:  194:// is specified on the command line.
        -:  195:bool g_help_flag = false;
        -:  196:
        -:  197:// Utility function to Open File for Writing
function _ZN7testing8internalL18OpenFileForWritingERKNSt7__cxx1112basic_stringIcSt11char_traitsIcESaIcEEE called 0 returned 0% blocks executed 0%
    #####:  198:static FILE* OpenFileForWriting(const std::string& output_file) {
    #####:  199:  FILE* fileout = nullptr;
    #####:  200:  FilePath output_file_path(output_file);
    %%%%%:  200-block  0
call    0 never executed
branch  1 never executed (fallthrough)
branch  2 never executed (throw)
    #####:  201:  FilePath output_dir(output_file_path.RemoveFileName());
    %%%%%:  201-block  0
call    0 never executed
branch  1 never executed (fallthrough)
branch  2 never executed (throw)
        -:  202:
    #####:  203:  if (output_dir.CreateDirectoriesRecursively()) {
    %%%%%:  203-block  0
call    0 never executed
branch  1 never executed (fallthrough)
branch  2 never executed (throw)
    %%%%%:  203-block  1
branch  3 never executed (fallthrough)
branch  4 never executed
    #####:  204:    fileout = posix::FOpen(output_file.c_str(), "w");
    %%%%%:  204-block  0
call    0 never executed
call    1 never executed
branch  2 never executed (fallthrough)
branch  3 never executed (throw)
    %%%%%:  204-block  1
        -:  205:  }
    #####:  206:  if (fileout == nullptr) {
    %%%%%:  206-block  0
branch  0 never executed (fallthrough)
branch  1 never executed
    #####:  207:    GTEST_LOG_(FATAL) << "Unable to open file \"" << output_file << "\"";
    %%%%%:  207-block  0
call    0 never executed
branch  1 never executed (fallthrough)
branch  2 never executed (throw)
    %%%%%:  207-block  1
call    3 never executed
call    4 never executed
branch  5 never executed (fallthrough)
branch  6 never executed (throw)
    %%%%%:  207-block  2
call    7 never executed
branch  8 never executed (fallthrough)
branch  9 never executed (throw)
    %%%%%:  207-block  3
call   10 never executed
branch 11 never executed (fallthrough)
branch 12 never executed (throw)
    %%%%%:  207-block  4
call   13 never executed
    $$$$$:  207-block  5
call   14 never executed
    $$$$$:  207-block  6
        -:  208:  }
    #####:  209:  return fileout;
    %%%%%:  209-block  0
    #####:  210:}
    %%%%%:  210-block  0
call    0 never executed
call    1 never executed
    $$$$$:  210-block  1
call    2 never executed
    $$$$$:  210-block  2
call    3 never executed
        -:  211:
        -:  212:}  // namespace internal
        -:  213:
        -:  214:// Bazel passes in the argument to '--test_filter' via the TESTBRIDGE_TEST_ONLY
        -:  215:// environment variable.
function _ZN7testingL16GetDefaultFilterEv called 1 returned 100% blocks executed 80%
        1:  216:static const char* GetDefaultFilter() {
        -:  217:  const char* const testbridge_test_only =
        1:  218:      internal::posix::GetEnv("TESTBRIDGE_TEST_ONLY");
        1:  218-block  0
call    0 returned 1
        1:  219:  if (testbridge_test_only != nullptr) {
branch  0 taken 0 (fallthrough)
branch  1 taken 1
    #####:  220:    return testbridge_test_only;
    %%%%%:  220-block  0
        -:  221:  }
        1:  222:  return kUniversalFilter;
        1:  222-block  0
        -:  223:}
        -:  224:
        -:  225:// Bazel passes in the argument to '--test_runner_fail_fast' via the
        -:  226:// TESTBRIDGE_TEST_RUNNER_FAIL_FAST environment variable.
function _ZN7testingL18GetDefaultFailFastEv called 1 returned 100% blocks executed 80%
        1:  227:static bool GetDefaultFailFast() {
        -:  228:  const char* const testbridge_test_runner_fail_fast =
        1:  229:      internal::posix::GetEnv("TESTBRIDGE_TEST_RUNNER_FAIL_FAST");
        1:  229-block  0
call    0 returned 1
        1:  230:  if (testbridge_test_runner_fail_fast != nullptr) {
branch  0 taken 0 (fallthrough)
branch  1 taken 1
    #####:  231:    return strcmp(testbridge_test_runner_fail_fast, "1") == 0;
    %%%%%:  231-block  0
        -:  232:  }
        1:  233:  return false;
        1:  233-block  0
        -:  234:}
        -:  235:
        -:  236:}  // namespace testing
        -:  237:
        -:  238:GTEST_DEFINE_bool_(
        -:  239:    fail_fast,
        -:  240:    testing::internal::BoolFromGTestEnv("fail_fast",
        -:  241:                                        testing::GetDefaultFailFast()),
        -:  242:    "True if and only if a test failure should stop further test execution.");
        -:  243:
        -:  244:GTEST_DEFINE_bool_(
        -:  245:    also_run_disabled_tests,
        -:  246:    testing::internal::BoolFromGTestEnv("also_run_disabled_tests", false),
        -:  247:    "Run disabled tests too, in addition to the tests normally being run.");
        -:  248:
        -:  249:GTEST_DEFINE_bool_(
        -:  250:    break_on_failure,
        -:  251:    testing::internal::BoolFromGTestEnv("break_on_failure", false),
        -:  252:    "True if and only if a failed assertion should be a debugger "
        -:  253:    "break-point.");
        -:  254:
        -:  255:GTEST_DEFINE_bool_(catch_exceptions,
        -:  256:                   testing::internal::BoolFromGTestEnv("catch_exceptions",
        -:  257:                                                       true),
        -:  258:                   "True if and only if " GTEST_NAME_
        -:  259:                   " should catch exceptions and treat them as test failures.");
        -:  260:
        -:  261:GTEST_DEFINE_string_(
        -:  262:    color, testing::internal::StringFromGTestEnv("color", "auto"),
        -:  263:    "Whether to use colors in the output.  Valid values: yes, no, "
        -:  264:    "and auto.  'auto' means to use colors if the output is "
        -:  265:    "being sent to a terminal and the TERM environment variable "
        -:  266:    "is set to a terminal type that supports colors.");
        -:  267:
        -:  268:GTEST_DEFINE_string_(
        -:  269:    filter,
        -:  270:    testing::internal::StringFromGTestEnv("filter",
        -:  271:                                          testing::GetDefaultFilter()),
        -:  272:    "A colon-separated list of glob (not regex) patterns "
        -:  273:    "for filtering the tests to run, optionally followed by a "
        -:  274:    "'-' and a : separated list of negative patterns (tests to "
        -:  275:    "exclude).  A test is run if it matches one of the positive "
        -:  276:    "patterns and does not match any of the negative patterns.");
        -:  277:
        -:  278:GTEST_DEFINE_bool_(
        -:  279:    install_failure_signal_handler,
        -:  280:    testing::internal::BoolFromGTestEnv("install_failure_signal_handler",
        -:  281:                                        false),
        -:  282:    "If true and supported on the current platform, " GTEST_NAME_
        -:  283:    " should "
        -:  284:    "install a signal handler that dumps debugging information when fatal "
        -:  285:    "signals are raised.");
        -:  286:
        -:  287:GTEST_DEFINE_bool_(list_tests, false, "List all tests without running them.");
        -:  288:
        -:  289:// The net priority order after flag processing is thus:
        -:  290://   --gtest_output command line flag
        -:  291://   GTEST_OUTPUT environment variable
        -:  292://   XML_OUTPUT_FILE environment variable
        -:  293://   ''
        -:  294:GTEST_DEFINE_string_(
        -:  295:    output,
        -:  296:    testing::internal::StringFromGTestEnv(
        -:  297:        "output", testing::internal::OutputFlagAlsoCheckEnvVar().c_str()),
        -:  298:    "A format (defaults to \"xml\" but can be specified to be \"json\"), "
        -:  299:    "optionally followed by a colon and an output file name or directory. "
        -:  300:    "A directory is indicated by a trailing pathname separator. "
        -:  301:    "Examples: \"xml:filename.xml\", \"xml::directoryname/\". "
        -:  302:    "If a directory is specified, output files will be created "
        -:  303:    "within that directory, with file-names based on the test "
        -:  304:    "executable's name and, if necessary, made unique by adding "
        -:  305:    "digits.");
        -:  306:
        -:  307:GTEST_DEFINE_bool_(
        -:  308:    brief, testing::internal::BoolFromGTestEnv("brief", false),
        -:  309:    "True if only test failures should be displayed in text output.");
        -:  310:
        -:  311:GTEST_DEFINE_bool_(print_time,
        -:  312:                   testing::internal::BoolFromGTestEnv("print_time", true),
        -:  313:                   "True if and only if " GTEST_NAME_
        -:  314:                   " should display elapsed time in text output.");
        -:  315:
        -:  316:GTEST_DEFINE_bool_(print_utf8,
        -:  317:                   testing::internal::BoolFromGTestEnv("print_utf8", true),
        -:  318:                   "True if and only if " GTEST_NAME_
        -:  319:                   " prints UTF8 characters as text.");
        -:  320:
        -:  321:GTEST_DEFINE_int32_(
        -:  322:    random_seed, testing::internal::Int32FromGTestEnv("random_seed", 0),
        -:  323:    "Random number seed to use when shuffling test orders.  Must be in range "
        -:  324:    "[1, 99999], or 0 to use a seed based on the current time.");
        -:  325:
        -:  326:GTEST_DEFINE_int32_(
        -:  327:    repeat, testing::internal::Int32FromGTestEnv("repeat", 1),
        -:  328:    "How many times to repeat each test.  Specify a negative number "
        -:  329:    "for repeating forever.  Useful for shaking out flaky tests.");
        -:  330:
        -:  331:GTEST_DEFINE_bool_(
        -:  332:    recreate_environments_when_repeating,
        -:  333:    testing::internal::BoolFromGTestEnv("recreate_environments_when_repeating",
        -:  334:                                        false),
        -:  335:    "Controls whether global test environments are recreated for each repeat "
        -:  336:    "of the tests. If set to false the global test environments are only set "
        -:  337:    "up once, for the first iteration, and only torn down once, for the last. "
        -:  338:    "Useful for shaking out flaky tests with stable, expensive test "
        -:  339:    "environments. If --gtest_repeat is set to a negative number, meaning "
        -:  340:    "there is no last run, the environments will always be recreated to avoid "
        -:  341:    "leaks.");
        -:  342:
        -:  343:GTEST_DEFINE_bool_(show_internal_stack_frames, false,
        -:  344:                   "True if and only if " GTEST_NAME_
        -:  345:                   " should include internal stack frames when "
        -:  346:                   "printing test failure stack traces.");
        -:  347:
        -:  348:GTEST_DEFINE_bool_(shuffle,
        -:  349:                   testing::internal::BoolFromGTestEnv("shuffle", false),
        -:  350:                   "True if and only if " GTEST_NAME_
        -:  351:                   " should randomize tests' order on every run.");
        -:  352:
        -:  353:GTEST_DEFINE_int32_(
        -:  354:    stack_trace_depth,
        -:  355:    testing::internal::Int32FromGTestEnv("stack_trace_depth",
        -:  356:                                         testing::kMaxStackTraceDepth),
        -:  357:    "The maximum number of stack frames to print when an "
        -:  358:    "assertion fails.  The valid range is 0 through 100, inclusive.");
        -:  359:
        -:  360:GTEST_DEFINE_string_(
        -:  361:    stream_result_to,
        -:  362:    testing::internal::StringFromGTestEnv("stream_result_to", ""),
        -:  363:    "This flag specifies the host name and the port number on which to stream "
        -:  364:    "test results. Example: \"localhost:555\". The flag is effective only on "
        -:  365:    "Linux.");
        -:  366:
        -:  367:GTEST_DEFINE_bool_(
        -:  368:    throw_on_failure,
        -:  369:    testing::internal::BoolFromGTestEnv("throw_on_failure", false),
        -:  370:    "When this flag is specified, a failed assertion will throw an exception "
        -:  371:    "if exceptions are enabled or exit the program with a non-zero code "
        -:  372:    "otherwise. For use with an external test framework.");
        -:  373:
        -:  374:#if GTEST_USE_OWN_FLAGFILE_FLAG_
        -:  375:GTEST_DEFINE_string_(
        -:  376:    flagfile, testing::internal::StringFromGTestEnv("flagfile", ""),
        -:  377:    "This flag specifies the flagfile to read command-line flags from.");
        -:  378:#endif  // GTEST_USE_OWN_FLAGFILE_FLAG_
        -:  379:
        -:  380:namespace testing {
        -:  381:namespace internal {
        -:  382:
        -:  383:const uint32_t Random::kMaxRange;
        -:  384:
        -:  385:// Generates a random number from [0, range), using a Linear
        -:  386:// Congruential Generator (LCG).  Crashes if 'range' is 0 or greater
        -:  387:// than kMaxRange.
function _ZN7testing8internal6Random8GenerateEj called 0 returned 0% blocks executed 0%
    #####:  388:uint32_t Random::Generate(uint32_t range) {
        -:  389:  // These constants are the same as are used in glibc's rand(3).
        -:  390:  // Use wider types than necessary to prevent unsigned overflow diagnostics.
    #####:  391:  state_ = static_cast<uint32_t>(1103515245ULL * state_ + 12345U) % kMaxRange;
        -:  392:
    #####:  393:  GTEST_CHECK_(range > 0) << "Cannot generate a number in the range [0, 0).";
    %%%%%:  393-block  0
call    0 never executed
branch  1 never executed (fallthrough)
branch  2 never executed
    %%%%%:  393-block  1
call    3 never executed
branch  4 never executed (fallthrough)
branch  5 never executed (throw)
    %%%%%:  393-block  2
call    6 never executed
call    7 never executed
branch  8 never executed (fallthrough)
branch  9 never executed (throw)
    %%%%%:  393-block  3
call   10 never executed
branch 11 never executed (fallthrough)
branch 12 never executed (throw)
    %%%%%:  393-block  4
call   13 never executed
    $$$$$:  393-block  5
call   14 never executed
    $$$$$:  393-block  6
call   15 never executed
    #####:  394:  GTEST_CHECK_(range <= kMaxRange)
    %%%%%:  394-block  0
call    0 never executed
branch  1 never executed (fallthrough)
branch  2 never executed
    %%%%%:  394-block  1
call    3 never executed
branch  4 never executed (fallthrough)
branch  5 never executed (throw)
    %%%%%:  394-block  2
call    6 never executed
    %%%%%:  394-block  3
call    7 never executed
    $$$$$:  394-block  4
call    8 never executed
    #####:  395:      << "Generation of a number in [0, " << range << ") was requested, "
call    0 never executed
branch  1 never executed (fallthrough)
branch  2 never executed (throw)
    %%%%%:  395-block  0
call    3 never executed
branch  4 never executed (fallthrough)
branch  5 never executed (throw)
    %%%%%:  395-block  1
call    6 never executed
branch  7 never executed (fallthrough)
branch  8 never executed (throw)
    #####:  396:      << "but this can only generate numbers in [0, " << kMaxRange << ").";
    %%%%%:  396-block  0
call    0 never executed
branch  1 never executed (fallthrough)
branch  2 never executed (throw)
    %%%%%:  396-block  1
call    3 never executed
branch  4 never executed (fallthrough)
branch  5 never executed (throw)
    %%%%%:  396-block  2
call    6 never executed
branch  7 never executed (fallthrough)
branch  8 never executed (throw)
    %%%%%:  396-block  3
call    9 never executed
branch 10 never executed (fallthrough)
branch 11 never executed (throw)
        -:  397:
        -:  398:  // Converting via modulus introduces a bit of downward bias, but
        -:  399:  // it's simple, and a linear congruential generator isn't too good
        -:  400:  // to begin with.
    #####:  401:  return state_ % range;
    %%%%%:  401-block  0
    %%%%%:  401-block  1
        -:  402:}
        -:  403:
        -:  404:// GTestIsInitialized() returns true if and only if the user has initialized
        -:  405:// Google Test.  Useful for catching the user mistake of not initializing
        -:  406:// Google Test before calling RUN_ALL_TESTS().
function _ZN7testing8internalL18GTestIsInitializedEv called 0 returned 0% blocks executed 0%
    #####:  407:static bool GTestIsInitialized() { return GetArgvs().size() > 0; }
    %%%%%:  407-block  0
call    0 never executed
branch  1 never executed (fallthrough)
branch  2 never executed (throw)
    %%%%%:  407-block  1
call    3 never executed
    %%%%%:  407-block  2
call    4 never executed
    %%%%%:  407-block  3
        -:  408:
        -:  409:// Iterates over a vector of TestSuites, keeping a running sum of the
        -:  410:// results of calling a given int-returning method on each.
        -:  411:// Returns the sum.
function _ZN7testing8internalL20SumOverTestSuiteListERKSt6vectorIPNS_9TestSuiteESaIS3_EEMS2_KFivE called 0 returned 0% blocks executed 0%
    #####:  412:static int SumOverTestSuiteList(const std::vector<TestSuite*>& case_list,
        -:  413:                                int (TestSuite::*method)() const) {
    #####:  414:  int sum = 0;
    #####:  415:  for (size_t i = 0; i < case_list.size(); i++) {
    %%%%%:  415-block  0
    %%%%%:  415-block  1
call    0 never executed
branch  1 never executed
branch  2 never executed (fallthrough)
    #####:  416:    sum += (case_list[i]->*method)();
    %%%%%:  416-block  0
call    0 never executed
branch  1 never executed (fallthrough)
branch  2 never executed
    %%%%%:  416-block  1
    %%%%%:  416-block  2
    %%%%%:  416-block  3
call    3 never executed
        -:  417:  }
    #####:  418:  return sum;
    %%%%%:  418-block  0
        -:  419:}
        -:  420:
        -:  421:// Returns true if and only if the test suite passed.
function _ZN7testing8internalL15TestSuitePassedEPKNS_9TestSuiteE called 0 returned 0% blocks executed 0%
    #####:  422:static bool TestSuitePassed(const TestSuite* test_suite) {
    #####:  423:  return test_suite->should_run() && test_suite->Passed();
    %%%%%:  423-block  0
call    0 never executed
branch  1 never executed (fallthrough)
branch  2 never executed
    %%%%%:  423-block  1
call    3 never executed
branch  4 never executed (fallthrough)
branch  5 never executed
    %%%%%:  423-block  2
    %%%%%:  423-block  3
    %%%%%:  423-block  4
        -:  424:}
        -:  425:
        -:  426:// Returns true if and only if the test suite failed.
function _ZN7testing8internalL15TestSuiteFailedEPKNS_9TestSuiteE called 0 returned 0% blocks executed 0%
    #####:  427:static bool TestSuiteFailed(const TestSuite* test_suite) {
    #####:  428:  return test_suite->should_run() && test_suite->Failed();
    %%%%%:  428-block  0
call    0 never executed
branch  1 never executed (fallthrough)
branch  2 never executed
    %%%%%:  428-block  1
call    3 never executed
branch  4 never executed (fallthrough)
branch  5 never executed
    %%%%%:  428-block  2
    %%%%%:  428-block  3
    %%%%%:  428-block  4
        -:  429:}
        -:  430:
        -:  431:// Returns true if and only if test_suite contains at least one test that
        -:  432:// should run.
function _ZN7testing8internalL18ShouldRunTestSuiteEPKNS_9TestSuiteE called 0 returned 0% blocks executed 0%
    #####:  433:static bool ShouldRunTestSuite(const TestSuite* test_suite) {
    #####:  434:  return test_suite->should_run();
    %%%%%:  434-block  0
call    0 never executed
        -:  435:}
        -:  436:
        -:  437:// AssertHelper constructor.
function _ZN7testing8internal12AssertHelperC2ENS_14TestPartResult4TypeEPKciS5_ called 0 returned 0% blocks executed 0%
    #####:  438:AssertHelper::AssertHelper(TestPartResult::Type type, const char* file,
    #####:  439:                           int line, const char* message)
    #####:  440:    : data_(new AssertHelperData(type, file, line, message)) {}
    %%%%%:  440-block  0
call    0 never executed
call    1 never executed
branch  2 never executed (fallthrough)
branch  3 never executed (throw)
    %%%%%:  440-block  1
    $$$$$:  440-block  2
branch  4 never executed (fallthrough)
branch  5 never executed
    $$$$$:  440-block  3
call    6 never executed
        -:  441:
function _ZN7testing8internal12AssertHelperD2Ev called 0 returned 0% blocks executed 0%
    #####:  442:AssertHelper::~AssertHelper() { delete data_; }
    %%%%%:  442-block  0
branch  0 never executed (fallthrough)
branch  1 never executed
    %%%%%:  442-block  1
call    2 never executed
call    3 never executed
        -:  443:
        -:  444:// Message assignment, for assertion streaming support.
function _ZNK7testing8internal12AssertHelperaSERKNS_7MessageE called 0 returned 0% blocks executed 0%
    #####:  445:void AssertHelper::operator=(const Message& message) const {
    #####:  446:  UnitTest::GetInstance()->AddTestPartResult(
    %%%%%:  446-block  0
call    0 never executed
    #####:  447:      data_->type, data_->file, data_->line,
    %%%%%:  447-block  0
call    0 never executed
branch  1 never executed (fallthrough)
branch  2 never executed (throw)
    #####:  448:      AppendUserMessage(data_->message, message),
    %%%%%:  448-block  0
call    0 never executed
branch  1 never executed (fallthrough)
branch  2 never executed (throw)
    %%%%%:  448-block  1
call    3 never executed
    $$$$$:  448-block  2
call    4 never executed
    $$$$$:  448-block  3
    #####:  449:      UnitTest::GetInstance()->impl()->CurrentOsStackTraceExceptTop(1)
call    0 never executed
branch  1 never executed (fallthrough)
branch  2 never executed (throw)
    %%%%%:  449-block  0
call    3 never executed
call    4 never executed
branch  5 never executed (fallthrough)
branch  6 never executed (throw)
call    7 never executed
    $$$$$:  449-block  1
call    8 never executed
        -:  450:      // Skips the stack frame for this function itself.
        -:  451:  );  // NOLINT
    #####:  452:}
        -:  453:
        -:  454:namespace {
        -:  455:
        -:  456:// When TEST_P is found without a matching INSTANTIATE_TEST_SUITE_P
        -:  457:// to creates test cases for it, a synthetic test case is
        -:  458:// inserted to report ether an error or a log message.
        -:  459://
        -:  460:// This configuration bit will likely be removed at some point.
        -:  461:constexpr bool kErrorOnUninstantiatedParameterizedTest = true;
        -:  462:constexpr bool kErrorOnUninstantiatedTypeParameterizedTest = true;
        -:  463:
        -:  464:// A test that fails at a given file/line location with a given message.
        -:  465:class FailureTest : public Test {
        -:  466: public:
function _ZN7testing8internal12_GLOBAL__N_111FailureTestC2ERKNS0_12CodeLocationENSt7__cxx1112basic_stringIcSt11char_traitsIcESaIcEEEb called 0 returned 0% blocks executed 0%
    #####:  467:  explicit FailureTest(const CodeLocation& loc, std::string error_message,
        -:  468:                       bool as_error)
    #####:  469:      : loc_(loc),
    #####:  470:        error_message_(std::move(error_message)),
    %%%%%:  470-block  0
call    0 never executed
call    1 never executed
    #####:  471:        as_error_(as_error) {}
    %%%%%:  471-block  0
call    0 never executed
call    1 never executed
branch  2 never executed (fallthrough)
branch  3 never executed (throw)
    $$$$$:  471-block  1
call    4 never executed
        -:  472:
function _ZN7testing8internal12_GLOBAL__N_111FailureTest8TestBodyEv called 0 returned 0% blocks executed 0%
    #####:  473:  void TestBody() override {
    #####:  474:    if (as_error_) {
    %%%%%:  474-block  0
branch  0 never executed (fallthrough)
branch  1 never executed
    #####:  475:      AssertHelper(TestPartResult::kNonFatalFailure, loc_.file.c_str(),
call    0 never executed
branch  1 never executed (fallthrough)
branch  2 never executed (throw)
    %%%%%:  475-block  0
call    3 never executed
    $$$$$:  475-block  1
call    4 never executed
    $$$$$:  475-block  2
    #####:  476:                   loc_.line, "") = Message() << error_message_;
    %%%%%:  476-block  0
call    0 never executed
branch  1 never executed (fallthrough)
branch  2 never executed (throw)
    %%%%%:  476-block  1
call    3 never executed
branch  4 never executed (fallthrough)
branch  5 never executed (throw)
    %%%%%:  476-block  2
call    6 never executed
    %%%%%:  476-block  3
call    7 never executed
branch  8 never executed (fallthrough)
branch  9 never executed (throw)
call   10 never executed
    $$$$$:  476-block  4
call   11 never executed
        -:  477:    } else {
    #####:  478:      std::cout << error_message_ << std::endl;
    %%%%%:  478-block  0
call    0 never executed
call    1 never executed
        -:  479:    }
    #####:  480:  }
    %%%%%:  480-block  0
        -:  481:
        -:  482: private:
        -:  483:  const CodeLocation loc_;
        -:  484:  const std::string error_message_;
        -:  485:  const bool as_error_;
        -:  486:};
        -:  487:
        -:  488:}  // namespace
        -:  489:
function _ZN7testing8internal33GetIgnoredParameterizedTestSuitesB5cxx11Ev called 0 returned 0% blocks executed 0%
    #####:  490:std::set<std::string>* GetIgnoredParameterizedTestSuites() {
    #####:  491:  return UnitTest::GetInstance()->impl()->ignored_parameterized_test_suites();
    %%%%%:  491-block  0
call    0 never executed
call    1 never executed
call    2 never executed
        -:  492:}
        -:  493:
        -:  494:// Add a given test_suit to the list of them allow to go un-instantiated.
function _ZN7testing8internal13MarkAsIgnoredC2EPKc called 0 returned 0% blocks executed 0%
    #####:  495:MarkAsIgnored::MarkAsIgnored(const char* test_suite) {
    #####:  496:  GetIgnoredParameterizedTestSuites()->insert(test_suite);
    %%%%%:  496-block  0
call    0 never executed
branch  1 never executed (fallthrough)
branch  2 never executed (throw)
    %%%%%:  496-block  1
    %%%%%:  496-block  2
call    3 never executed
branch  4 never executed (fallthrough)
branch  5 never executed (throw)
    %%%%%:  496-block  3
call    6 never executed
branch  7 never executed (fallthrough)
branch  8 never executed (throw)
    %%%%%:  496-block  4
call    9 never executed
    $$$$$:  496-block  5
call   10 never executed
    $$$$$:  496-block  6
    $$$$$:  496-block  7
    #####:  497:}
        -:  498:
        -:  499:// If this parameterized test suite has no instantiations (and that
        -:  500:// has not been marked as okay), emit a test case reporting that.
function _ZN7testing8internal23InsertSyntheticTestCaseERKNSt7__cxx1112basic_stringIcSt11char_traitsIcESaIcEEENS0_12CodeLocationEb called 0 returned 0% blocks executed 0%
    #####:  501:void InsertSyntheticTestCase(const std::string& name, CodeLocation location,
        -:  502:                             bool has_test_p) {
    #####:  503:  const auto& ignored = *GetIgnoredParameterizedTestSuites();
    %%%%%:  503-block  0
call    0 never executed
branch  1 never executed (fallthrough)
branch  2 never executed (throw)
    #####:  504:  if (ignored.find(name) != ignored.end()) return;
    %%%%%:  504-block  0
call    0 never executed
call    1 never executed
branch  2 never executed (fallthrough)
branch  3 never executed (throw)
    %%%%%:  504-block  1
call    4 never executed
branch  5 never executed (fallthrough)
branch  6 never executed
    %%%%%:  504-block  2
    %%%%%:  504-block  3
    $$$$$:  504-block  4
    $$$$$:  504-block  5
        -:  505:
    #####:  506:  const char kMissingInstantiation[] =  //
        -:  507:      " is defined via TEST_P, but never instantiated. None of the test cases "
        -:  508:      "will run. Either no INSTANTIATE_TEST_SUITE_P is provided or the only "
        -:  509:      "ones provided expand to nothing."
        -:  510:      "\n\n"
        -:  511:      "Ideally, TEST_P definitions should only ever be included as part of "
        -:  512:      "binaries that intend to use them. (As opposed to, for example, being "
        -:  513:      "placed in a library that may be linked in to get other utilities.)";
        -:  514:
    #####:  515:  const char kMissingTestCase[] =  //
        -:  516:      " is instantiated via INSTANTIATE_TEST_SUITE_P, but no tests are "
        -:  517:      "defined via TEST_P . No test cases will run."
        -:  518:      "\n\n"
        -:  519:      "Ideally, INSTANTIATE_TEST_SUITE_P should only ever be invoked from "
        -:  520:      "code that always depend on code that provides TEST_P. Failing to do "
        -:  521:      "so is often an indication of dead code, e.g. the last TEST_P was "
        -:  522:      "removed but the rest got left behind.";
        -:  523:
        -:  524:  std::string message =
    #####:  525:      "Parameterized test suite " + name +
    %%%%%:  525-block  0
branch  0 never executed (fallthrough)
branch  1 never executed
    %%%%%:  525-block  1
    %%%%%:  525-block  2
    %%%%%:  525-block  3
call    2 never executed
branch  3 never executed (fallthrough)
branch  4 never executed (throw)
    %%%%%:  525-block  4
call    5 never executed
branch  6 never executed (fallthrough)
branch  7 never executed (throw)
call    8 never executed
call    9 never executed
    $$$$$:  525-block  5
call   10 never executed
    $$$$$:  525-block  6
call   11 never executed
    $$$$$:  525-block  7
    $$$$$:  525-block  8
    #####:  526:      (has_test_p ? kMissingInstantiation : kMissingTestCase) +
    %%%%%:  526-block  0
call    0 never executed
branch  1 never executed (fallthrough)
branch  2 never executed (throw)
call    3 never executed
    $$$$$:  526-block  1
call    4 never executed
    $$$$$:  526-block  2
        -:  527:      "\n\n"
        -:  528:      "To suppress this error for this test suite, insert the following line "
        -:  529:      "(in a non-header) in the namespace it is defined in:"
        -:  530:      "\n\n"
    #####:  531:      "GTEST_ALLOW_UNINSTANTIATED_PARAMETERIZED_TEST(" +
    %%%%%:  531-block  0
call    0 never executed
branch  1 never executed (fallthrough)
branch  2 never executed (throw)
    %%%%%:  531-block  1
call    3 never executed
    $$$$$:  531-block  2
call    4 never executed
    $$$$$:  531-block  3
    #####:  532:      name + ");";
    %%%%%:  532-block  0
call    0 never executed
branch  1 never executed (fallthrough)
branch  2 never executed (throw)
        -:  533:
    #####:  534:  std::string full_name = "UninstantiatedParameterizedTestSuite<" + name + ">";
call    0 never executed
branch  1 never executed (fallthrough)
branch  2 never executed (throw)
    %%%%%:  534-block  0
call    3 never executed
branch  4 never executed (fallthrough)
branch  5 never executed (throw)
    %%%%%:  534-block  1
call    6 never executed
    $$$$$:  534-block  2
call    7 never executed
    $$$$$:  534-block  3
    #####:  535:  RegisterTest(  //
call    0 never executed
call    1 never executed
branch  2 never executed (fallthrough)
branch  3 never executed (throw)
        -:  536:      "GoogleTestVerification", full_name.c_str(),
        -:  537:      nullptr,  // No type parameter.
        -:  538:      nullptr,  // No value parameter.
function _ZZN7testing8internal23InsertSyntheticTestCaseERKNSt7__cxx1112basic_stringIcSt11char_traitsIcESaIcEEENS0_12CodeLocationEbENKUlvE_clEv called 0 returned 0% blocks executed 0%
    #####:  539:      location.file.c_str(), location.line, [message, location] {
call    0 never executed
branch  1 never executed (fallthrough)
branch  2 never executed (throw)
    %%%%%:  539-block  0
call    3 never executed
branch  4 never executed (fallthrough)
branch  5 never executed (throw)
    %%%%%:  539-block  1
call    6 never executed
    %%%%%:  539-block  2
call    7 never executed
    $$$$$:  539-block  3
call    8 never executed
    $$$$$:  539-block  4
branch  9 never executed (fallthrough)
branch 10 never executed
    $$$$$:  539-block  5
call   11 never executed
    $$$$$:  539-block  6
    #####:  540:        return new FailureTest(location, message,
    #####:  541:                               kErrorOnUninstantiatedParameterizedTest);
    %%%%%:  541-block  0
call    0 never executed
call    1 never executed
branch  2 never executed (fallthrough)
branch  3 never executed (throw)
    %%%%%:  541-block  1
call    4 never executed
branch  5 never executed (fallthrough)
branch  6 never executed (throw)
    %%%%%:  541-block  2
    %%%%%:  541-block  3
call    7 never executed
    %%%%%:  541-block  4
    $$$$$:  541-block  5
call    8 never executed
    $$$$$:  541-block  6
    $$$$$:  541-block  7
branch  9 never executed (fallthrough)
branch 10 never executed
    $$$$$:  541-block  8
call   11 never executed
        -:  542:      });
    #####:  543:}
call    0 never executed
call    1 never executed
    $$$$$:  543-block  0
call    2 never executed
    $$$$$:  543-block  1
call    3 never executed
        -:  544:
function _ZN7testing8internal34RegisterTypeParameterizedTestSuiteEPKcNS0_12CodeLocationE called 0 returned 0% blocks executed 0%
    #####:  545:void RegisterTypeParameterizedTestSuite(const char* test_suite_name,
        -:  546:                                        CodeLocation code_location) {
    #####:  547:  GetUnitTestImpl()->type_parameterized_test_registry().RegisterTestSuite(
    %%%%%:  547-block  0
call    0 never executed
call    1 never executed
call    2 never executed
branch  3 never executed (fallthrough)
branch  4 never executed (throw)
    %%%%%:  547-block  1
call    5 never executed
branch  6 never executed (fallthrough)
branch  7 never executed (throw)
    %%%%%:  547-block  2
call    8 never executed
    $$$$$:  547-block  3
call    9 never executed
        -:  548:      test_suite_name, code_location);
    #####:  549:}
        -:  550:
function _ZN7testing8internal47RegisterTypeParameterizedTestSuiteInstantiationEPKc called 0 returned 0% blocks executed 0%
    #####:  551:void RegisterTypeParameterizedTestSuiteInstantiation(const char* case_name) {
    #####:  552:  GetUnitTestImpl()->type_parameterized_test_registry().RegisterInstantiation(
    %%%%%:  552-block  0
call    0 never executed
call    1 never executed
call    2 never executed
        -:  553:      case_name);
    #####:  554:}
        -:  555:
function _ZN7testing8internal34TypeParameterizedTestSuiteRegistry17RegisterTestSuiteEPKcNS0_12CodeLocationE called 0 returned 0% blocks executed 0%
    #####:  556:void TypeParameterizedTestSuiteRegistry::RegisterTestSuite(
        -:  557:    const char* test_suite_name, CodeLocation code_location) {
    #####:  558:  suites_.emplace(std::string(test_suite_name),
    %%%%%:  558-block  0
call    0 never executed
branch  1 never executed (fallthrough)
branch  2 never executed (throw)
    %%%%%:  558-block  1
call    3 never executed
branch  4 never executed (fallthrough)
branch  5 never executed (throw)
    %%%%%:  558-block  2
call    6 never executed
    $$$$$:  558-block  3
call    7 never executed
    $$$$$:  558-block  4
    $$$$$:  558-block  5
    #####:  559:                  TypeParameterizedTestSuiteInfo(code_location));
    %%%%%:  559-block  0
call    0 never executed
branch  1 never executed (fallthrough)
branch  2 never executed (throw)
    %%%%%:  559-block  1
call    3 never executed
branch  4 never executed (fallthrough)
branch  5 never executed (throw)
call    6 never executed
call    7 never executed
    $$$$$:  559-block  2
call    8 never executed
    $$$$$:  559-block  3
call    9 never executed
    $$$$$:  559-block  4
    $$$$$:  559-block  5
    #####:  560:}
        -:  561:
function _ZN7testing8internal34TypeParameterizedTestSuiteRegistry21RegisterInstantiationEPKc called 0 returned 0% blocks executed 0%
    #####:  562:void TypeParameterizedTestSuiteRegistry::RegisterInstantiation(
        -:  563:    const char* test_suite_name) {
    #####:  564:  auto it = suites_.find(std::string(test_suite_name));
    %%%%%:  564-block  0
    %%%%%:  564-block  1
call    0 never executed
branch  1 never executed (fallthrough)
branch  2 never executed (throw)
    %%%%%:  564-block  2
call    3 never executed
branch  4 never executed (fallthrough)
branch  5 never executed (throw)
    %%%%%:  564-block  3
call    6 never executed
    $$$$$:  564-block  4
call    7 never executed
    $$$$$:  564-block  5
    $$$$$:  564-block  6
    #####:  565:  if (it != suites_.end()) {
call    0 never executed
call    1 never executed
branch  2 never executed (fallthrough)
branch  3 never executed
    #####:  566:    it->second.instantiated = true;
    %%%%%:  566-block  0
call    0 never executed
        -:  567:  } else {
    #####:  568:    GTEST_LOG_(ERROR) << "Unknown type parameterized test suit '"
    %%%%%:  568-block  0
call    0 never executed
branch  1 never executed (fallthrough)
branch  2 never executed (throw)
    %%%%%:  568-block  1
call    3 never executed
    %%%%%:  568-block  2
call    4 never executed
    $$$$$:  568-block  3
call    5 never executed
    $$$$$:  568-block  4
    #####:  569:                      << test_suite_name << "'";
call    0 never executed
branch  1 never executed (fallthrough)
branch  2 never executed (throw)
    %%%%%:  569-block  0
call    3 never executed
branch  4 never executed (fallthrough)
branch  5 never executed (throw)
    %%%%%:  569-block  1
call    6 never executed
branch  7 never executed (fallthrough)
branch  8 never executed (throw)
        -:  570:  }
    #####:  571:}
    %%%%%:  571-block  0
        -:  572:
function _ZN7testing8internal34TypeParameterizedTestSuiteRegistry22CheckForInstantiationsEv called 0 returned 0% blocks executed 0%
    #####:  573:void TypeParameterizedTestSuiteRegistry::CheckForInstantiations() {
    #####:  574:  const auto& ignored = *GetIgnoredParameterizedTestSuites();
    %%%%%:  574-block  0
call    0 never executed
    #####:  575:  for (const auto& testcase : suites_) {
call    0 never executed
call    1 never executed
    %%%%%:  575-block  0
call    2 never executed
    %%%%%:  575-block  1
call    3 never executed
    %%%%%:  575-block  2
call    4 never executed
branch  5 never executed
branch  6 never executed (fallthrough)
    #####:  576:    if (testcase.second.instantiated) continue;
branch  0 never executed (fallthrough)
branch  1 never executed
    %%%%%:  576-block  0
    %%%%%:  576-block  1
    #####:  577:    if (ignored.find(testcase.first) != ignored.end()) continue;
    %%%%%:  577-block  0
call    0 never executed
call    1 never executed
branch  2 never executed (fallthrough)
branch  3 never executed (throw)
    %%%%%:  577-block  1
call    4 never executed
branch  5 never executed (fallthrough)
branch  6 never executed
    %%%%%:  577-block  2
    $$$$$:  577-block  3
    $$$$$:  577-block  4
        -:  578:
        -:  579:    std::string message =
    #####:  580:        "Type parameterized test suite " + testcase.first +
    %%%%%:  580-block  0
call    0 never executed
branch  1 never executed (fallthrough)
branch  2 never executed (throw)
call    3 never executed
call    4 never executed
    $$$$$:  580-block  1
call    5 never executed
    $$$$$:  580-block  2
call    6 never executed
    $$$$$:  580-block  3
    $$$$$:  580-block  4
        -:  581:        " is defined via REGISTER_TYPED_TEST_SUITE_P, but never instantiated "
        -:  582:        "via INSTANTIATE_TYPED_TEST_SUITE_P. None of the test cases will run."
        -:  583:        "\n\n"
        -:  584:        "Ideally, TYPED_TEST_P definitions should only ever be included as "
        -:  585:        "part of binaries that intend to use them. (As opposed to, for "
        -:  586:        "example, being placed in a library that may be linked in to get other "
        -:  587:        "utilities.)"
        -:  588:        "\n\n"
        -:  589:        "To suppress this error for this test suite, insert the following line "
        -:  590:        "(in a non-header) in the namespace it is defined in:"
        -:  591:        "\n\n"
    #####:  592:        "GTEST_ALLOW_UNINSTANTIATED_PARAMETERIZED_TEST(" +
    %%%%%:  592-block  0
call    0 never executed
branch  1 never executed (fallthrough)
branch  2 never executed (throw)
    %%%%%:  592-block  1
call    3 never executed
    $$$$$:  592-block  2
call    4 never executed
    $$$$$:  592-block  3
    #####:  593:        testcase.first + ");";
    %%%%%:  593-block  0
call    0 never executed
branch  1 never executed (fallthrough)
branch  2 never executed (throw)
    %%%%%:  593-block  1
call    3 never executed
branch  4 never executed (fallthrough)
branch  5 never executed (throw)
        -:  594:
        -:  595:    std::string full_name =
    #####:  596:        "UninstantiatedTypeParameterizedTestSuite<" + testcase.first + ">";
call    0 never executed
branch  1 never executed (fallthrough)
branch  2 never executed (throw)
    %%%%%:  596-block  0
call    3 never executed
branch  4 never executed (fallthrough)
branch  5 never executed (throw)
    %%%%%:  596-block  1
call    6 never executed
    $$$$$:  596-block  2
call    7 never executed
    $$$$$:  596-block  3
    #####:  597:    RegisterTest(  //
call    0 never executed
call    1 never executed
branch  2 never executed (fallthrough)
branch  3 never executed (throw)
        -:  598:        "GoogleTestVerification", full_name.c_str(),
        -:  599:        nullptr,  // No type parameter.
        -:  600:        nullptr,  // No value parameter.
        -:  601:        testcase.second.code_location.file.c_str(),
function _ZZN7testing8internal34TypeParameterizedTestSuiteRegistry22CheckForInstantiationsEvENKUlvE_clEv called 0 returned 0% blocks executed 0%
    #####:  602:        testcase.second.code_location.line, [message, testcase] {
call    0 never executed
branch  1 never executed (fallthrough)
branch  2 never executed (throw)
    %%%%%:  602-block  0
call    3 never executed
branch  4 never executed (fallthrough)
branch  5 never executed (throw)
    %%%%%:  602-block  1
call    6 never executed
    %%%%%:  602-block  2
call    7 never executed
    $$$$$:  602-block  3
call    8 never executed
    $$$$$:  602-block  4
branch  9 never executed (fallthrough)
branch 10 never executed
    $$$$$:  602-block  5
call   11 never executed
    $$$$$:  602-block  6
    #####:  603:          return new FailureTest(testcase.second.code_location, message,
    #####:  604:                                 kErrorOnUninstantiatedTypeParameterizedTest);
    %%%%%:  604-block  0
call    0 never executed
call    1 never executed
branch  2 never executed (fallthrough)
branch  3 never executed (throw)
    %%%%%:  604-block  1
call    4 never executed
branch  5 never executed (fallthrough)
branch  6 never executed (throw)
    %%%%%:  604-block  2
    %%%%%:  604-block  3
call    7 never executed
    %%%%%:  604-block  4
    $$$$$:  604-block  5
call    8 never executed
    $$$$$:  604-block  6
    $$$$$:  604-block  7
branch  9 never executed (fallthrough)
branch 10 never executed
    $$$$$:  604-block  8
call   11 never executed
        -:  605:        });
    #####:  606:  }
call    0 never executed
call    1 never executed
    $$$$$:  606-block  0
call    2 never executed
    $$$$$:  606-block  1
call    3 never executed
    #####:  607:}
    %%%%%:  607-block  0
        -:  608:
        -:  609:// A copy of all command line arguments.  Set by InitGoogleTest().
        -:  610:static ::std::vector<std::string> g_argvs;
        -:  611:
function _ZN7testing8internal8GetArgvsB5cxx11Ev called 0 returned 0% blocks executed 0%
    #####:  612:::std::vector<std::string> GetArgvs() {
        -:  613:#if defined(GTEST_CUSTOM_GET_ARGVS_)
        -:  614:  // GTEST_CUSTOM_GET_ARGVS_() may return a container of std::string or
        -:  615:  // ::string. This code converts it to the appropriate type.
        -:  616:  const auto& custom = GTEST_CUSTOM_GET_ARGVS_();
        -:  617:  return ::std::vector<std::string>(custom.begin(), custom.end());
        -:  618:#else   // defined(GTEST_CUSTOM_GET_ARGVS_)
    #####:  619:  return g_argvs;
    %%%%%:  619-block  0
call    0 never executed
        -:  620:#endif  // defined(GTEST_CUSTOM_GET_ARGVS_)
        -:  621:}
        -:  622:
        -:  623:// Returns the current application's name, removing directory path if that
        -:  624:// is present.
function _ZN7testing8internal24GetCurrentExecutableNameEv called 0 returned 0% blocks executed 0%
    #####:  625:FilePath GetCurrentExecutableName() {
    #####:  626:  FilePath result;
    %%%%%:  626-block  0
call    0 never executed
branch  1 never executed (fallthrough)
branch  2 never executed (throw)
        -:  627:
        -:  628:#if GTEST_OS_WINDOWS || GTEST_OS_OS2
    #####:  629:  result.Set(FilePath(GetArgvs()[0]).RemoveExtension("exe"));
    %%%%%:  629-block  0
call    0 never executed
branch  1 never executed (fallthrough)
branch  2 never executed (throw)
    %%%%%:  629-block  1
call    3 never executed
call    4 never executed
branch  5 never executed (fallthrough)
branch  6 never executed (throw)
    %%%%%:  629-block  2
call    7 never executed
branch  8 never executed (fallthrough)
branch  9 never executed (throw)
    %%%%%:  629-block  3
call   10 never executed
branch 11 never executed (fallthrough)
branch 12 never executed (throw)
    %%%%%:  629-block  4
call   13 never executed
call   14 never executed
call   15 never executed
    $$$$$:  629-block  5
call   16 never executed
    $$$$$:  629-block  6
call   17 never executed
    $$$$$:  629-block  7
call   18 never executed
    $$$$$:  629-block  8
    $$$$$:  629-block  9
    $$$$$:  629-block 10
        -:  630:#else
        -:  631:  result.Set(FilePath(GetArgvs()[0]));
        -:  632:#endif  // GTEST_OS_WINDOWS
        -:  633:
    #####:  634:  return result.RemoveDirectoryName();
call    0 never executed
branch  1 never executed (fallthrough)
branch  2 never executed (throw)
    %%%%%:  634-block  0
    #####:  635:}
    %%%%%:  635-block  0
call    0 never executed
    $$$$$:  635-block  1
call    1 never executed
        -:  636:
        -:  637:// Functions for processing the gtest_output flag.
        -:  638:
        -:  639:// Returns the output format, or "" for normal printed output.
function _ZN7testing8internal15UnitTestOptions15GetOutputFormatB5cxx11Ev called 0 returned 0% blocks executed 0%
    #####:  640:std::string UnitTestOptions::GetOutputFormat() {
    #####:  641:  std::string s = GTEST_FLAG_GET(output);
    %%%%%:  641-block  0
call    0 never executed
branch  1 never executed (fallthrough)
branch  2 never executed (throw)
    #####:  642:  const char* const gtest_output_flag = s.c_str();
    %%%%%:  642-block  0
call    0 never executed
    #####:  643:  const char* const colon = strchr(gtest_output_flag, ':');
        -:  644:  return (colon == nullptr)
    #####:  645:             ? std::string(gtest_output_flag)
        -:  646:             : std::string(gtest_output_flag,
    #####:  647:                           static_cast<size_t>(colon - gtest_output_flag));
branch  0 never executed (fallthrough)
branch  1 never executed
    %%%%%:  647-block  0
call    2 never executed
branch  3 never executed (fallthrough)
branch  4 never executed (throw)
    %%%%%:  647-block  1
call    5 never executed
branch  6 never executed (fallthrough)
branch  7 never executed (throw)
    %%%%%:  647-block  2
branch  8 never executed (fallthrough)
branch  9 never executed
    %%%%%:  647-block  3
branch 10 never executed (fallthrough)
branch 11 never executed
    %%%%%:  647-block  4
    $$$$$:  647-block  5
branch 12 never executed (fallthrough)
branch 13 never executed
    $$$$$:  647-block  6
    $$$$$:  647-block  7
branch 14 never executed (fallthrough)
branch 15 never executed
    $$$$$:  647-block  8
    #####:  648:}
    %%%%%:  648-block  0
call    0 never executed
    $$$$$:  648-block  1
call    1 never executed
        -:  649:
        -:  650:// Returns the name of the requested output file, or the default if none
        -:  651:// was explicitly specified.
function _ZN7testing8internal15UnitTestOptions27GetAbsolutePathToOutputFileB5cxx11Ev called 0 returned 0% blocks executed 0%
    #####:  652:std::string UnitTestOptions::GetAbsolutePathToOutputFile() {
    #####:  653:  std::string s = GTEST_FLAG_GET(output);
    %%%%%:  653-block  0
call    0 never executed
branch  1 never executed (fallthrough)
branch  2 never executed (throw)
    #####:  654:  const char* const gtest_output_flag = s.c_str();
    %%%%%:  654-block  0
call    0 never executed
        -:  655:
    #####:  656:  std::string format = GetOutputFormat();
call    0 never executed
branch  1 never executed (fallthrough)
branch  2 never executed (throw)
    #####:  657:  if (format.empty()) format = std::string(kDefaultOutputFormat);
    %%%%%:  657-block  0
call    0 never executed
branch  1 never executed (fallthrough)
branch  2 never executed
    %%%%%:  657-block  1
call    3 never executed
branch  4 never executed (fallthrough)
branch  5 never executed (throw)
    %%%%%:  657-block  2
call    6 never executed
call    7 never executed
    $$$$$:  657-block  3
    $$$$$:  657-block  4
        -:  658:
    #####:  659:  const char* const colon = strchr(gtest_output_flag, ':');
    #####:  660:  if (colon == nullptr)
    %%%%%:  660-block  0
branch  0 never executed (fallthrough)
branch  1 never executed
    #####:  661:    return internal::FilePath::MakeFileName(
    %%%%%:  661-block  0
call    0 never executed
    %%%%%:  661-block  1
call    1 never executed
branch  2 never executed (fallthrough)
branch  3 never executed (throw)
    %%%%%:  661-block  2
call    4 never executed
    $$$$$:  661-block  3
call    5 never executed
    $$$$$:  661-block  4
    #####:  662:               internal::FilePath(
    %%%%%:  662-block  0
call    0 never executed
branch  1 never executed (fallthrough)
branch  2 never executed (throw)
    %%%%%:  662-block  1
call    3 never executed
call    4 never executed
branch  5 never executed (fallthrough)
branch  6 never executed (throw)
    %%%%%:  662-block  2
call    7 never executed
branch  8 never executed (fallthrough)
branch  9 never executed (throw)
call   10 never executed
call   11 never executed
    $$$$$:  662-block  3
call   12 never executed
    $$$$$:  662-block  4
call   13 never executed
    $$$$$:  662-block  5
    $$$$$:  662-block  6
    $$$$$:  662-block  7
        -:  663:                   UnitTest::GetInstance()->original_working_dir()),
    #####:  664:               internal::FilePath(kDefaultOutputFile), 0, format.c_str())
    %%%%%:  664-block  0
call    0 never executed
branch  1 never executed (fallthrough)
branch  2 never executed (throw)
    %%%%%:  664-block  1
call    3 never executed
branch  4 never executed (fallthrough)
branch  5 never executed (throw)
call    6 never executed
call    7 never executed
    $$$$$:  664-block  2
call    8 never executed
    $$$$$:  664-block  3
call    9 never executed
    $$$$$:  664-block  4
    $$$$$:  664-block  5
    $$$$$:  664-block  6
    #####:  665:        .string();
    %%%%%:  665-block  0
call    0 never executed
call    1 never executed
branch  2 never executed (fallthrough)
branch  3 never executed (throw)
    %%%%%:  665-block  1
        -:  666:
    #####:  667:  internal::FilePath output_name(colon + 1);
    %%%%%:  667-block  0
call    0 never executed
branch  1 never executed (fallthrough)
branch  2 never executed (throw)
    %%%%%:  667-block  1
call    3 never executed
branch  4 never executed (fallthrough)
branch  5 never executed (throw)
    %%%%%:  667-block  2
call    6 never executed
    $$$$$:  667-block  3
call    7 never executed
    $$$$$:  667-block  4
    $$$$$:  667-block  5
    #####:  668:  if (!output_name.IsAbsolutePath())
call    0 never executed
branch  1 never executed (fallthrough)
branch  2 never executed
    #####:  669:    output_name = internal::FilePath::ConcatPaths(
    %%%%%:  669-block  0
call    0 never executed
branch  1 never executed (fallthrough)
branch  2 never executed (throw)
    %%%%%:  669-block  1
call    3 never executed
    $$$$$:  669-block  2
call    4 never executed
    $$$$$:  669-block  3
    #####:  670:        internal::FilePath(UnitTest::GetInstance()->original_working_dir()),
    %%%%%:  670-block  0
call    0 never executed
branch  1 never executed (fallthrough)
branch  2 never executed (throw)
    %%%%%:  670-block  1
call    3 never executed
call    4 never executed
branch  5 never executed (fallthrough)
branch  6 never executed (throw)
    %%%%%:  670-block  2
call    7 never executed
branch  8 never executed (fallthrough)
branch  9 never executed (throw)
call   10 never executed
call   11 never executed
    $$$$$:  670-block  3
call   12 never executed
    $$$$$:  670-block  4
call   13 never executed
    $$$$$:  670-block  5
    $$$$$:  670-block  6
    $$$$$:  670-block  7
    #####:  671:        internal::FilePath(colon + 1));
    %%%%%:  671-block  0
call    0 never executed
branch  1 never executed (fallthrough)
branch  2 never executed (throw)
    %%%%%:  671-block  1
call    3 never executed
branch  4 never executed (fallthrough)
branch  5 never executed (throw)
    %%%%%:  671-block  2
call    6 never executed
branch  7 never executed (fallthrough)
branch  8 never executed (throw)
call    9 never executed
call   10 never executed
    $$$$$:  671-block  3
call   11 never executed
    $$$$$:  671-block  4
call   12 never executed
    $$$$$:  671-block  5
    $$$$$:  671-block  6
    $$$$$:  671-block  7
        -:  672:
    #####:  673:  if (!output_name.IsDirectory()) return output_name.string();
    %%%%%:  673-block  0
call    0 never executed
branch  1 never executed (fallthrough)
branch  2 never executed
    %%%%%:  673-block  1
call    3 never executed
call    4 never executed
branch  5 never executed (fallthrough)
branch  6 never executed (throw)
    %%%%%:  673-block  2
        -:  674:
        -:  675:  internal::FilePath result(internal::FilePath::GenerateUniqueFileName(
    #####:  676:      output_name, internal::GetCurrentExecutableName(),
call    0 never executed
branch  1 never executed (fallthrough)
branch  2 never executed (throw)
    %%%%%:  676-block  0
call    3 never executed
    $$$$$:  676-block  1
call    4 never executed
    $$$$$:  676-block  2
    #####:  677:      GetOutputFormat().c_str()));
    %%%%%:  677-block  0
call    0 never executed
branch  1 never executed (fallthrough)
branch  2 never executed (throw)
    %%%%%:  677-block  1
call    3 never executed
    %%%%%:  677-block  2
call    4 never executed
branch  5 never executed (fallthrough)
branch  6 never executed (throw)
call    7 never executed
    $$$$$:  677-block  3
call    8 never executed
    $$$$$:  677-block  4
    #####:  678:  return result.string();
call    0 never executed
call    1 never executed
branch  2 never executed (fallthrough)
branch  3 never executed (throw)
    %%%%%:  678-block  0
    #####:  679:}
    %%%%%:  679-block  0
call    0 never executed
    %%%%%:  679-block  1
call    1 never executed
    %%%%%:  679-block  2
call    2 never executed
call    3 never executed
    $$$$$:  679-block  3
call    4 never executed
    $$$$$:  679-block  4
call    5 never executed
    $$$$$:  679-block  5
call    6 never executed
    $$$$$:  679-block  6
call    7 never executed
        -:  680:
        -:  681:// Returns true if and only if the wildcard pattern matches the string. Each
        -:  682:// pattern consists of regular characters, single-character wildcards (?), and
        -:  683:// multi-character wildcards (*).
        -:  684://
        -:  685:// This function implements a linear-time string globbing algorithm based on
        -:  686:// https://research.swtch.com/glob.
function _ZN7testing8internalL20PatternMatchesStringERKNSt7__cxx1112basic_stringIcSt11char_traitsIcESaIcEEEPKcSA_ called 8 returned 100% blocks executed 74%
        8:  687:static bool PatternMatchesString(const std::string& name_str,
        -:  688:                                 const char* pattern, const char* pattern_end) {
        8:  689:  const char* name = name_str.c_str();
        8:  689-block  0
call    0 returned 8
        8:  690:  const char* const name_begin = name;
        8:  691:  const char* const name_end = name + name_str.size();
call    0 returned 8
        -:  692:
        8:  693:  const char* pattern_next = pattern;
        8:  694:  const char* name_next = name;
        -:  695:
     236*:  696:  while (pattern < pattern_end || name < name_end) {
      236:  696-block  0
branch  0 taken 236
branch  1 taken 0 (fallthrough)
    %%%%%:  696-block  1
branch  2 never executed
branch  3 never executed (fallthrough)
      236:  697:    if (pattern < pattern_end) {
      236:  697-block  0
branch  0 taken 236 (fallthrough)
branch  1 taken 0
      236:  698:      switch (*pattern) {
      236:  698-block  0
branch  0 taken 118
branch  1 taken 0
branch  2 taken 118
      118:  699:        default:  // Match an ordinary character.
     118*:  700:          if (name < name_end && *name == *pattern) {
      118:  700-block  0
branch  0 taken 110 (fallthrough)
branch  1 taken 8
      110:  700-block  1
branch  2 taken 0 (fallthrough)
branch  3 taken 110
    #####:  701:            ++pattern;
    #####:  702:            ++name;
    #####:  703:            continue;
    %%%%%:  703-block  0
        -:  704:          }
      118:  705:          break;
      118:  705-block  0
    #####:  706:        case '?':  // Match any single character.
    #####:  707:          if (name < name_end) {
    %%%%%:  707-block  0
branch  0 never executed (fallthrough)
branch  1 never executed
    #####:  708:            ++pattern;
    #####:  709:            ++name;
    #####:  710:            continue;
    %%%%%:  710-block  0
        -:  711:          }
    #####:  712:          break;
    %%%%%:  712-block  0
      118:  713:        case '*':
        -:  714:          // Match zero or more characters. Start by skipping over the wildcard
        -:  715:          // and matching zero characters from name. If that fails, restart and
        -:  716:          // match one more character than the last attempt.
      118:  717:          pattern_next = pattern;
      118:  718:          name_next = name + 1;
      118:  719:          ++pattern;
      118:  720:          continue;
      118:  720-block  0
        -:  721:      }
        -:  722:    }
        -:  723:    // Failed to match a character. Restart if possible.
      118:  724:    if (name_begin < name_next && name_next <= name_end) {
      118:  724-block  0
branch  0 taken 118 (fallthrough)
branch  1 taken 0
      118:  724-block  1
branch  2 taken 110 (fallthrough)
branch  3 taken 8
      110:  725:      pattern = pattern_next;
      110:  726:      name = name_next;
      110:  727:      continue;
      110:  727-block  0
        -:  728:    }
        8:  729:    return false;
        8:  729-block  0
        -:  730:  }
    #####:  731:  return true;
    %%%%%:  731-block  0
        -:  732:}
        -:  733:
        -:  734:namespace {
        -:  735:
function _ZN7testing8internal12_GLOBAL__N_113IsGlobPatternERKNSt7__cxx1112basic_stringIcSt11char_traitsIcESaIcEEE called 8 returned 100% blocks executed 100%
        8:  736:bool IsGlobPattern(const std::string& pattern) {
        8:  737:  return std::any_of(pattern.begin(), pattern.end(),
        8:  737-block  0
call    0 returned 8
call    1 returned 8
call    2 returned 8
function _ZZN7testing8internal12_GLOBAL__N_113IsGlobPatternERKNSt7__cxx1112basic_stringIcSt11char_traitsIcESaIcEEEENKUlcE_clEc called 8 returned 100% blocks executed 83%
      16*:  738:                     [](const char c) { return c == '?' || c == '*'; });
        8:  738-block  0
branch  0 taken 8 (fallthrough)
branch  1 taken 0
        8:  738-block  1
branch  2 taken 8 (fallthrough)
branch  3 taken 0
        8:  738-block  2
    %%%%%:  738-block  3
        8:  738-block  4
        -:  739:}
        -:  740:
        -:  741:class UnitTestFilter {
        -:  742: public:
function _ZN7testing8internal12_GLOBAL__N_114UnitTestFilterC2Ev called 0 returned 0% blocks executed 0%
    #####:  743:  UnitTestFilter() = default;
    %%%%%:  743-block  0
call    0 never executed
call    1 never executed
        -:  744:
        -:  745:  // Constructs a filter from a string of patterns separated by `:`.
function _ZN7testing8internal12_GLOBAL__N_114UnitTestFilterC2ERKNSt7__cxx1112basic_stringIcSt11char_traitsIcESaIcEEE called 4 returned 100% blocks executed 76%
        4:  746:  explicit UnitTestFilter(const std::string& filter) {
        4:  746-block  0
call    0 returned 4
call    1 returned 4
        -:  747:    // By design "" filter matches "" string.
        4:  748:    std::vector<std::string> all_patterns;
call    0 returned 4
        4:  749:    SplitString(filter, ':', &all_patterns);
call    0 returned 4
branch  1 taken 4 (fallthrough)
branch  2 taken 0 (throw)
        4:  750:    const auto exact_match_patterns_begin = std::partition(
        4:  750-block  0
call    0 returned 4
call    1 returned 4
call    2 returned 4
branch  3 taken 4 (fallthrough)
branch  4 taken 0 (throw)
        -:  751:        all_patterns.begin(), all_patterns.end(), &IsGlobPattern);
        -:  752:
        8:  753:    glob_patterns_.reserve(static_cast<size_t>(
        8:  754:        std::distance(all_patterns.begin(), exact_match_patterns_begin)));
        4:  754-block  0
call    0 returned 4
        4:  754-block  1
call    1 returned 4
branch  2 taken 4 (fallthrough)
branch  3 taken 0 (throw)
        8:  755:    std::move(all_patterns.begin(), exact_match_patterns_begin,
        4:  755-block  0
call    0 returned 4
        4:  755-block  1
call    1 returned 4
call    2 returned 4
branch  3 taken 4 (fallthrough)
branch  4 taken 0 (throw)
    $$$$$:  755-block  2
        4:  756:              std::inserter(glob_patterns_, glob_patterns_.begin()));
call    0 returned 4
branch  1 taken 4 (fallthrough)
branch  2 taken 0 (throw)
        8:  757:    std::move(
        4:  757-block  0
call    0 returned 4
        4:  757-block  1
call    1 returned 4
call    2 returned 4
branch  3 taken 4 (fallthrough)
branch  4 taken 0 (throw)
    $$$$$:  757-block  2
        -:  758:        exact_match_patterns_begin, all_patterns.end(),
        4:  759:        std::inserter(exact_match_patterns_, exact_match_patterns_.begin()));
call    0 returned 4
branch  1 taken 4 (fallthrough)
branch  2 taken 0 (throw)
        4:  760:  }
        4:  760-block  0
call    0 returned 4
    $$$$$:  760-block  1
call    1 never executed
    $$$$$:  760-block  2
call    2 never executed
    $$$$$:  760-block  3
call    3 never executed
        -:  761:
        -:  762:  // Returns true if and only if name matches at least one of the patterns in
        -:  763:  // the filter.
function _ZNK7testing8internal12_GLOBAL__N_114UnitTestFilter11MatchesNameERKNSt7__cxx1112basic_stringIcSt11char_traitsIcESaIcEEE called 4 returned 100% blocks executed 90%
        4:  764:  bool MatchesName(const std::string& name) const {
       8*:  765:    return exact_match_patterns_.count(name) > 0 ||
        4:  765-block  0
call    0 returned 4
branch  1 taken 4 (fallthrough)
branch  2 taken 0
    %%%%%:  765-block  1
        4:  765-block  2
        4:  766:           std::any_of(glob_patterns_.begin(), glob_patterns_.end(),
        4:  766-block  0
call    0 returned 4
call    1 returned 4
call    2 returned 4
branch  3 taken 0 (fallthrough)
branch  4 taken 4
function _ZZNK7testing8internal12_GLOBAL__N_114UnitTestFilter11MatchesNameERKNSt7__cxx1112basic_stringIcSt11char_traitsIcESaIcEEEENKUlSA_E_clESA_ called 8 returned 100% blocks executed 100%
        8:  767:                       [&name](const std::string& pattern) {
        8:  768:                         return PatternMatchesString(
call    0 returned 8
call    1 returned 8
        -:  769:                             name, pattern.c_str(),
       16:  770:                             pattern.c_str() + pattern.size());
        8:  770-block  0
call    0 returned 8
call    1 returned 8
        4:  771:                       });
        4:  771-block  0
        -:  772:  }
        -:  773:
        -:  774: private:
        -:  775:  std::vector<std::string> glob_patterns_;
        -:  776:  std::unordered_set<std::string> exact_match_patterns_;
        -:  777:};
        -:  778:
        -:  779:class PositiveAndNegativeUnitTestFilter {
        -:  780: public:
        -:  781:  // Constructs a positive and a negative filter from a string. The string
        -:  782:  // contains a positive filter optionally followed by a '-' character and a
        -:  783:  // negative filter. In case only a negative filter is provided the positive
        -:  784:  // filter will be assumed "*".
        -:  785:  // A filter is a list of patterns separated by ':'.
function _ZN7testing8internal12_GLOBAL__N_133PositiveAndNegativeUnitTestFilterC2ERKNSt7__cxx1112basic_stringIcSt11char_traitsIcESaIcEEE called 0 returned 0% blocks executed 0%
    #####:  786:  explicit PositiveAndNegativeUnitTestFilter(const std::string& filter) {
    %%%%%:  786-block  0
call    0 never executed
call    1 never executed
    #####:  787:    std::vector<std::string> positive_and_negative_filters;
call    0 never executed
        -:  788:
        -:  789:    // NOTE: `SplitString` always returns a non-empty container.
    #####:  790:    SplitString(filter, '-', &positive_and_negative_filters);
call    0 never executed
branch  1 never executed (fallthrough)
branch  2 never executed (throw)
    #####:  791:    const auto& positive_filter = positive_and_negative_filters.front();
    %%%%%:  791-block  0
call    0 never executed
        -:  792:
    #####:  793:    if (positive_and_negative_filters.size() > 1) {
call    0 never executed
branch  1 never executed (fallthrough)
branch  2 never executed
    #####:  794:      positive_filter_ = UnitTestFilter(
    %%%%%:  794-block  0
call    0 never executed
branch  1 never executed (fallthrough)
branch  2 never executed (throw)
call    3 never executed
    $$$$$:  794-block  1
    #####:  795:          positive_filter.empty() ? kUniversalFilter : positive_filter);
    %%%%%:  795-block  0
call    0 never executed
branch  1 never executed (fallthrough)
branch  2 never executed
    %%%%%:  795-block  1
call    3 never executed
branch  4 never executed (fallthrough)
branch  5 never executed (throw)
    %%%%%:  795-block  2
call    6 never executed
branch  7 never executed (fallthrough)
branch  8 never executed (throw)
    %%%%%:  795-block  3
call    9 never executed
call   10 never executed
branch 11 never executed (fallthrough)
branch 12 never executed
    $$$$$:  795-block  4
call   13 never executed
    $$$$$:  795-block  5
branch 14 never executed (fallthrough)
branch 15 never executed
    $$$$$:  795-block  6
    $$$$$:  795-block  7
        -:  796:
        -:  797:      // TODO(b/214626361): Fail on multiple '-' characters
        -:  798:      // For the moment to preserve old behavior we concatenate the rest of the
        -:  799:      // string parts with `-` as separator to generate the negative filter.
    #####:  800:      auto negative_filter_string = positive_and_negative_filters[1];
    %%%%%:  800-block  0
call    0 never executed
call    1 never executed
branch  2 never executed (fallthrough)
branch  3 never executed (throw)
    #####:  801:      for (std::size_t i = 2; i < positive_and_negative_filters.size(); i++)
    %%%%%:  801-block  0
    %%%%%:  801-block  1
call    0 never executed
branch  1 never executed
branch  2 never executed (fallthrough)
        -:  802:        negative_filter_string =
    #####:  803:            negative_filter_string + '-' + positive_and_negative_filters[i];
    %%%%%:  803-block  0
call    0 never executed
call    1 never executed
branch  2 never executed (fallthrough)
branch  3 never executed (throw)
    %%%%%:  803-block  1
call    4 never executed
branch  5 never executed (fallthrough)
branch  6 never executed (throw)
    %%%%%:  803-block  2
call    7 never executed
call    8 never executed
call    9 never executed
    $$$$$:  803-block  3
call   10 never executed
    $$$$$:  803-block  4
    $$$$$:  803-block  5
    #####:  804:      negative_filter_ = UnitTestFilter(negative_filter_string);
    %%%%%:  804-block  0
call    0 never executed
branch  1 never executed (fallthrough)
branch  2 never executed (throw)
    %%%%%:  804-block  1
call    3 never executed
call    4 never executed
    $$$$$:  804-block  2
    #####:  805:    } else {
call    0 never executed
    $$$$$:  805-block  0
call    1 never executed
        -:  806:      // In case we don't have a negative filter and positive filter is ""
        -:  807:      // we do not use kUniversalFilter by design as opposed to when we have a
        -:  808:      // negative filter.
    #####:  809:      positive_filter_ = UnitTestFilter(positive_filter);
    %%%%%:  809-block  0
call    0 never executed
branch  1 never executed (fallthrough)
branch  2 never executed (throw)
    %%%%%:  809-block  1
call    3 never executed
call    4 never executed
    $$$$$:  809-block  2
        -:  810:    }
    #####:  811:  }
    %%%%%:  811-block  0
call    0 never executed
    $$$$$:  811-block  1
call    1 never executed
    $$$$$:  811-block  2
call    2 never executed
    $$$$$:  811-block  3
call    3 never executed
        -:  812:
        -:  813:  // Returns true if and only if test name (this is generated by appending test
        -:  814:  // suit name and test name via a '.' character) matches the positive filter
        -:  815:  // and does not match the negative filter.
function _ZNK7testing8internal12_GLOBAL__N_133PositiveAndNegativeUnitTestFilter11MatchesTestERKNSt7__cxx1112basic_stringIcSt11char_traitsIcESaIcEEESA_ called 0 returned 0% blocks executed 0%
    #####:  816:  bool MatchesTest(const std::string& test_suite_name,
        -:  817:                   const std::string& test_name) const {
    #####:  818:    return MatchesName(test_suite_name + "." + test_name);
    %%%%%:  818-block  0
call    0 never executed
[...]
        -: 6602:
    #####: 6603:    bool remove_flag = false;
    #####: 6604:    if (ParseGoogleTestFlag(arg)) {
call    0 never executed
branch  1 never executed (fallthrough)
branch  2 never executed (throw)
    %%%%%: 6604-block  0
branch  3 never executed (fallthrough)
branch  4 never executed
    #####: 6605:      remove_flag = true;
    %%%%%: 6605-block  0
        -: 6606:#if GTEST_USE_OWN_FLAGFILE_FLAG_
    #####: 6607:    } else if (ParseFlag(arg, "flagfile", &flagfile_value)) {
    %%%%%: 6607-block  0
call    0 never executed
branch  1 never executed (fallthrough)
branch  2 never executed (throw)
    %%%%%: 6607-block  1
branch  3 never executed (fallthrough)
branch  4 never executed
    #####: 6608:      GTEST_FLAG_SET(flagfile, flagfile_value);
    %%%%%: 6608-block  0
call    0 never executed
branch  1 never executed (fallthrough)
branch  2 never executed (throw)
    #####: 6609:      LoadFlagsFromFile(flagfile_value);
    %%%%%: 6609-block  0
call    0 never executed
branch  1 never executed (fallthrough)
branch  2 never executed (throw)
    #####: 6610:      remove_flag = true;
    %%%%%: 6610-block  0
        -: 6611:#endif  // GTEST_USE_OWN_FLAGFILE_FLAG_
    #####: 6612:    } else if (arg_string == "--help" || HasGoogleTestFlagPrefix(arg)) {
    %%%%%: 6612-block  0
call    0 never executed
branch  1 never executed (fallthrough)
branch  2 never executed (throw)
    %%%%%: 6612-block  1
branch  3 never executed (fallthrough)
branch  4 never executed
    %%%%%: 6612-block  2
call    5 never executed
branch  6 never executed (fallthrough)
branch  7 never executed
    %%%%%: 6612-block  3
    %%%%%: 6612-block  4
    %%%%%: 6612-block  5
branch  8 never executed (fallthrough)
branch  9 never executed
        -: 6613:      // Both help flag and unrecognized Google Test flags (excluding
        -: 6614:      // internal ones) trigger help display.
    #####: 6615:      g_help_flag = true;
    %%%%%: 6615-block  0
        -: 6616:    }
        -: 6617:
    #####: 6618:    if (remove_flag) {
    %%%%%: 6618-block  0
branch  0 never executed (fallthrough)
branch  1 never executed
        -: 6619:      // Shift the remainder of the argv list left by one.  Note
        -: 6620:      // that argv has (*argc + 1) elements, the last one always being
        -: 6621:      // NULL.  The following loop moves the trailing NULL element as
        -: 6622:      // well.
    #####: 6623:      for (int j = i; j != *argc; j++) {
    %%%%%: 6623-block  0
    %%%%%: 6623-block  1
branch  0 never executed
branch  1 never executed (fallthrough)
    #####: 6624:        argv[j] = argv[j + 1];
    %%%%%: 6624-block  0
        -: 6625:      }
        -: 6626:
        -: 6627:      // Decrements the argument count.
    #####: 6628:      (*argc)--;
        -: 6629:
        -: 6630:      // We also need to decrement the iterator as we just removed
        -: 6631:      // an element.
    #####: 6632:      i--;
    %%%%%: 6632-block  0
        -: 6633:    }
        -: 6634:  }
        -: 6635:
    #####: 6636:  if (g_help_flag) {
    %%%%%: 6636-block  0
branch  0 never executed (fallthrough)
branch  1 never executed
        -: 6637:    // We print the help here instead of in RUN_ALL_TESTS(), as the
        -: 6638:    // latter may not be called at all if the user is using Google
        -: 6639:    // Test with another testing framework.
    #####: 6640:    PrintColorEncoded(kColorEncodedHelpMessage);
    %%%%%: 6640-block  0
call    0 never executed
branch  1 never executed (fallthrough)
branch  2 never executed (throw)
        -: 6641:  }
    #####: 6642:}
    %%%%%: 6642-block  0
call    0 never executed
    $$$$$: 6642-block  1
call    1 never executed
------------------
        -: 6643:
        -: 6644:// Parses the command line for Google Test flags, without initializing
        -: 6645:// other parts of Google Test.
function _ZN7testing8internal24ParseGoogleTestFlagsOnlyEPiPPc called 0 returned 0% blocks executed 0%
    #####: 6646:void ParseGoogleTestFlagsOnly(int* argc, char** argv) {
        -: 6647:#if GTEST_HAS_ABSL
        -: 6648:  if (*argc > 0) {
        -: 6649:    // absl::ParseCommandLine() requires *argc > 0.
        -: 6650:    auto positional_args = absl::flags_internal::ParseCommandLineImpl(
        -: 6651:        *argc, argv, absl::flags_internal::ArgvListAction::kRemoveParsedArgs,
        -: 6652:        absl::flags_internal::UsageFlagsAction::kHandleUsage,
        -: 6653:        absl::flags_internal::OnUndefinedFlag::kReportUndefined);
        -: 6654:    // Any command-line positional arguments not part of any command-line flag
        -: 6655:    // (or arguments to a flag) are copied back out to argv, with the program
        -: 6656:    // invocation name at position 0, and argc is resized. This includes
        -: 6657:    // positional arguments after the flag-terminating delimiter '--'.
        -: 6658:    // See https://abseil.io/docs/cpp/guides/flags.
        -: 6659:    std::copy(positional_args.begin(), positional_args.end(), argv);
        -: 6660:    if (static_cast<int>(positional_args.size()) < *argc) {
        -: 6661:      argv[positional_args.size()] = nullptr;
        -: 6662:      *argc = static_cast<int>(positional_args.size());
        -: 6663:    }
        -: 6664:  }
        -: 6665:#else
    #####: 6666:  ParseGoogleTestFlagsOnlyImpl(argc, argv);
    %%%%%: 6666-block  0
call    0 never executed
        -: 6667:#endif
        -: 6668:
        -: 6669:  // Fix the value of *_NSGetArgc() on macOS, but if and only if
        -: 6670:  // *_NSGetArgv() == argv
        -: 6671:  // Only applicable to char** version of argv
        -: 6672:#if GTEST_OS_MAC
        -: 6673:#ifndef GTEST_OS_IOS
        -: 6674:  if (*_NSGetArgv() == argv) {
        -: 6675:    *_NSGetArgc() = *argc;
        -: 6676:  }
        -: 6677:#endif
        -: 6678:#endif
    #####: 6679:}
function _ZN7testing8internal24ParseGoogleTestFlagsOnlyEPiPPw called 0 returned 0% blocks executed 0%
    #####: 6680:void ParseGoogleTestFlagsOnly(int* argc, wchar_t** argv) {
    #####: 6681:  ParseGoogleTestFlagsOnlyImpl(argc, argv);
    %%%%%: 6681-block  0
call    0 never executed
    #####: 6682:}
        -: 6683:
        -: 6684:// The internal implementation of InitGoogleTest().
        -: 6685://
        -: 6686:// The type parameter CharType can be instantiated to either char or
        -: 6687:// wchar_t.
        -: 6688:template <typename CharType>
    #####: 6689:void InitGoogleTestImpl(int* argc, CharType** argv) {
        -: 6690:  // We don't want to run the initialization code twice.
    #####: 6691:  if (GTestIsInitialized()) return;
        -: 6692:
    #####: 6693:  if (*argc <= 0) return;
        -: 6694:
    #####: 6695:  g_argvs.clear();
    #####: 6696:  for (int i = 0; i != *argc; i++) {
    #####: 6697:    g_argvs.push_back(StreamableToString(argv[i]));
        -: 6698:  }
        -: 6699:
        -: 6700:#if GTEST_HAS_ABSL
        -: 6701:  absl::InitializeSymbolizer(g_argvs[0].c_str());
        -: 6702:
        -: 6703:  // When using the Abseil Flags library, set the program usage message to the
        -: 6704:  // help message, but remove the color-encoding from the message first.
        -: 6705:  absl::SetProgramUsageMessage(absl::StrReplaceAll(
        -: 6706:      kColorEncodedHelpMessage,
        -: 6707:      {{"@D", ""}, {"@R", ""}, {"@G", ""}, {"@Y", ""}, {"@@", "@"}}));
        -: 6708:#endif  // GTEST_HAS_ABSL
        -: 6709:
    #####: 6710:  ParseGoogleTestFlagsOnly(argc, argv);
    #####: 6711:  GetUnitTestImpl()->PostFlagParsingInit();
        -: 6712:}
------------------
_ZN7testing8internal18InitGoogleTestImplIwEEvPiPPT_:
function _ZN7testing8internal18InitGoogleTestImplIwEEvPiPPT_ called 0 returned 0% blocks executed 0%
    #####: 6689:void InitGoogleTestImpl(int* argc, CharType** argv) {
        -: 6690:  // We don't want to run the initialization code twice.
    #####: 6691:  if (GTestIsInitialized()) return;
    %%%%%: 6691-block  0
call    0 never executed
branch  1 never executed (fallthrough)
branch  2 never executed
    %%%%%: 6691-block  1
        -: 6692:
    #####: 6693:  if (*argc <= 0) return;
    %%%%%: 6693-block  0
branch  0 never executed (fallthrough)
branch  1 never executed
    %%%%%: 6693-block  1
        -: 6694:
    #####: 6695:  g_argvs.clear();
    %%%%%: 6695-block  0
call    0 never executed
    #####: 6696:  for (int i = 0; i != *argc; i++) {
    %%%%%: 6696-block  0
branch  0 never executed
branch  1 never executed (fallthrough)
    #####: 6697:    g_argvs.push_back(StreamableToString(argv[i]));
    %%%%%: 6697-block  0
call    0 never executed
branch  1 never executed (fallthrough)
branch  2 never executed (throw)
    %%%%%: 6697-block  1
call    3 never executed
branch  4 never executed (fallthrough)
branch  5 never executed (throw)
    %%%%%: 6697-block  2
call    6 never executed
    $$$$$: 6697-block  3
call    7 never executed
        -: 6698:  }
        -: 6699:
        -: 6700:#if GTEST_HAS_ABSL
        -: 6701:  absl::InitializeSymbolizer(g_argvs[0].c_str());
        -: 6702:
        -: 6703:  // When using the Abseil Flags library, set the program usage message to the
        -: 6704:  // help message, but remove the color-encoding from the message first.
        -: 6705:  absl::SetProgramUsageMessage(absl::StrReplaceAll(
        -: 6706:      kColorEncodedHelpMessage,
        -: 6707:      {{"@D", ""}, {"@R", ""}, {"@G", ""}, {"@Y", ""}, {"@@", "@"}}));
        -: 6708:#endif  // GTEST_HAS_ABSL
        -: 6709:
    #####: 6710:  ParseGoogleTestFlagsOnly(argc, argv);
    %%%%%: 6710-block  0
call    0 never executed
    #####: 6711:  GetUnitTestImpl()->PostFlagParsingInit();
call    0 never executed
call    1 never executed
        -: 6712:}
------------------
_ZN7testing8internal18InitGoogleTestImplIcEEvPiPPT_:
function _ZN7testing8internal18InitGoogleTestImplIcEEvPiPPT_ called 0 returned 0% blocks executed 0%
    #####: 6689:void InitGoogleTestImpl(int* argc, CharType** argv) {
        -: 6690:  // We don't want to run the initialization code twice.
    #####: 6691:  if (GTestIsInitialized()) return;
    %%%%%: 6691-block  0
call    0 never executed
branch  1 never executed (fallthrough)
branch  2 never executed
    %%%%%: 6691-block  1
        -: 6692:
    #####: 6693:  if (*argc <= 0) return;
    %%%%%: 6693-block  0
branch  0 never executed (fallthrough)
branch  1 never executed
    %%%%%: 6693-block  1
        -: 6694:
    #####: 6695:  g_argvs.clear();
    %%%%%: 6695-block  0
call    0 never executed
    #####: 6696:  for (int i = 0; i != *argc; i++) {
    %%%%%: 6696-block  0
branch  0 never executed
branch  1 never executed (fallthrough)
    #####: 6697:    g_argvs.push_back(StreamableToString(argv[i]));
    %%%%%: 6697-block  0
call    0 never executed
branch  1 never executed (fallthrough)
branch  2 never executed (throw)
    %%%%%: 6697-block  1
call    3 never executed
branch  4 never executed (fallthrough)
branch  5 never executed (throw)
    %%%%%: 6697-block  2
call    6 never executed
    $$$$$: 6697-block  3
call    7 never executed
        -: 6698:  }
        -: 6699:
        -: 6700:#if GTEST_HAS_ABSL
        -: 6701:  absl::InitializeSymbolizer(g_argvs[0].c_str());
        -: 6702:
        -: 6703:  // When using the Abseil Flags library, set the program usage message to the
        -: 6704:  // help message, but remove the color-encoding from the message first.
        -: 6705:  absl::SetProgramUsageMessage(absl::StrReplaceAll(
        -: 6706:      kColorEncodedHelpMessage,
        -: 6707:      {{"@D", ""}, {"@R", ""}, {"@G", ""}, {"@Y", ""}, {"@@", "@"}}));
        -: 6708:#endif  // GTEST_HAS_ABSL
        -: 6709:
    #####: 6710:  ParseGoogleTestFlagsOnly(argc, argv);
    %%%%%: 6710-block  0
call    0 never executed
    #####: 6711:  GetUnitTestImpl()->PostFlagParsingInit();
call    0 never executed
call    1 never executed
        -: 6712:}
------------------
        -: 6713:
        -: 6714:}  // namespace internal
        -: 6715:
        -: 6716:// Initializes Google Test.  This must be called before calling
        -: 6717:// RUN_ALL_TESTS().  In particular, it parses a command line for the
        -: 6718:// flags that Google Test recognizes.  Whenever a Google Test flag is
        -: 6719:// seen, it is removed from argv, and *argc is decremented.
        -: 6720://
        -: 6721:// No value is returned.  Instead, the Google Test flag variables are
        -: 6722:// updated.
        -: 6723://
        -: 6724:// Calling the function for the second time has no user-visible effect.
function _ZN7testing14InitGoogleTestEPiPPc called 0 returned 0% blocks executed 0%
    #####: 6725:void InitGoogleTest(int* argc, char** argv) {
        -: 6726:#if defined(GTEST_CUSTOM_INIT_GOOGLE_TEST_FUNCTION_)
        -: 6727:  GTEST_CUSTOM_INIT_GOOGLE_TEST_FUNCTION_(argc, argv);
        -: 6728:#else   // defined(GTEST_CUSTOM_INIT_GOOGLE_TEST_FUNCTION_)
    #####: 6729:  internal::InitGoogleTestImpl(argc, argv);
    %%%%%: 6729-block  0
call    0 never executed
        -: 6730:#endif  // defined(GTEST_CUSTOM_INIT_GOOGLE_TEST_FUNCTION_)
    #####: 6731:}
        -: 6732:
        -: 6733:// This overloaded version can be used in Windows programs compiled in
        -: 6734:// UNICODE mode.
function _ZN7testing14InitGoogleTestEPiPPw called 0 returned 0% blocks executed 0%
    #####: 6735:void InitGoogleTest(int* argc, wchar_t** argv) {
        -: 6736:#if defined(GTEST_CUSTOM_INIT_GOOGLE_TEST_FUNCTION_)
        -: 6737:  GTEST_CUSTOM_INIT_GOOGLE_TEST_FUNCTION_(argc, argv);
        -: 6738:#else   // defined(GTEST_CUSTOM_INIT_GOOGLE_TEST_FUNCTION_)
    #####: 6739:  internal::InitGoogleTestImpl(argc, argv);
    %%%%%: 6739-block  0
call    0 never executed
        -: 6740:#endif  // defined(GTEST_CUSTOM_INIT_GOOGLE_TEST_FUNCTION_)
    #####: 6741:}
        -: 6742:
        -: 6743:// This overloaded version can be used on Arduino/embedded platforms where
        -: 6744:// there is no argc/argv.
function _ZN7testing14InitGoogleTestEv called 0 returned 0% blocks executed 0%
    #####: 6745:void InitGoogleTest() {
        -: 6746:  // Since Arduino doesn't have a command line, fake out the argc/argv arguments
    #####: 6747:  int argc = 1;
    #####: 6748:  const auto arg0 = "dummy";
    #####: 6749:  char* argv0 = const_cast<char*>(arg0);
    #####: 6750:  char** argv = &argv0;
        -: 6751:
        -: 6752:#if defined(GTEST_CUSTOM_INIT_GOOGLE_TEST_FUNCTION_)
        -: 6753:  GTEST_CUSTOM_INIT_GOOGLE_TEST_FUNCTION_(&argc, argv);
        -: 6754:#else   // defined(GTEST_CUSTOM_INIT_GOOGLE_TEST_FUNCTION_)
    #####: 6755:  internal::InitGoogleTestImpl(&argc, argv);
    %%%%%: 6755-block  0
call    0 never executed
branch  1 never executed (fallthrough)
branch  2 never executed (throw)
        -: 6756:#endif  // defined(GTEST_CUSTOM_INIT_GOOGLE_TEST_FUNCTION_)
    #####: 6757:}
    %%%%%: 6757-block  0
        -: 6758:
        -: 6759:#if !defined(GTEST_CUSTOM_TEMPDIR_FUNCTION_)
        -: 6760:// Return value of first environment variable that is set and contains
        -: 6761:// a non-empty string. If there are none, return the "fallback" string.
        -: 6762:// Since we like the temporary directory to have a directory separator suffix,
        -: 6763:// add it if not provided in the environment variable value.
function _ZN7testingL17GetTempDirFromEnvESt16initializer_listIPKcES2_c called 0 returned 0% blocks executed 0%
    #####: 6764:static std::string GetTempDirFromEnv(
        -: 6765:    std::initializer_list<const char*> environment_variables,
        -: 6766:    const char* fallback, char separator) {
    #####: 6767:  for (const char* variable_name : environment_variables) {
    %%%%%: 6767-block  0
call    0 never executed
call    1 never executed
    %%%%%: 6767-block  1
    %%%%%: 6767-block  2
branch  2 never executed
branch  3 never executed (fallthrough)
    #####: 6768:    const char* value = internal::posix::GetEnv(variable_name);
    %%%%%: 6768-block  0
call    0 never executed
    #####: 6769:    if (value != nullptr && value[0] != '\0') {
branch  0 never executed (fallthrough)
branch  1 never executed
    %%%%%: 6769-block  0
branch  2 never executed (fallthrough)
branch  3 never executed
    #####: 6770:      if (value[strlen(value) - 1] != separator) {
    %%%%%: 6770-block  0
branch  0 never executed (fallthrough)
branch  1 never executed
    #####: 6771:        return std::string(value).append(1, separator);
    %%%%%: 6771-block  0
call    0 never executed
branch  1 never executed (fallthrough)
branch  2 never executed (throw)
    %%%%%: 6771-block  1
call    3 never executed
branch  4 never executed (fallthrough)
branch  5 never executed (throw)
    %%%%%: 6771-block  2
call    6 never executed
branch  7 never executed (fallthrough)
branch  8 never executed (throw)
    %%%%%: 6771-block  3
    %%%%%: 6771-block  4
call    9 never executed
    $$$$$: 6771-block  5
call   10 never executed
    $$$$$: 6771-block  6
    $$$$$: 6771-block  7
        -: 6772:      }
    #####: 6773:      return value;
    %%%%%: 6773-block  0
call    0 never executed
branch  1 never executed (fallthrough)
branch  2 never executed (throw)
    $$$$$: 6773-block  1
        -: 6774:    }
        -: 6775:  }
    #####: 6776:  return fallback;
    %%%%%: 6776-block  0
call    0 never executed
branch  1 never executed (fallthrough)
branch  2 never executed (throw)
        -: 6777:}
        -: 6778:#endif
        -: 6779:
function _ZN7testing7TempDirB5cxx11Ev called 0 returned 0% blocks executed 0%
    #####: 6780:std::string TempDir() {
        -: 6781:#if defined(GTEST_CUSTOM_TEMPDIR_FUNCTION_)
        -: 6782:  return GTEST_CUSTOM_TEMPDIR_FUNCTION_();
        -: 6783:#elif GTEST_OS_WINDOWS || GTEST_OS_WINDOWS_MOBILE
    #####: 6784:  return GetTempDirFromEnv({"TEST_TMPDIR", "TEMP"}, "\\temp\\", '\\');
    %%%%%: 6784-block  0
call    0 never executed
branch  1 never executed (fallthrough)
branch  2 never executed (throw)
    %%%%%: 6784-block  1
    %%%%%: 6784-block  2
        -: 6785:#elif GTEST_OS_LINUX_ANDROID
        -: 6786:  return GetTempDirFromEnv({"TEST_TMPDIR", "TMPDIR"}, "/data/local/tmp/", '/');
        -: 6787:#else
        -: 6788:  return GetTempDirFromEnv({"TEST_TMPDIR", "TMPDIR"}, "/tmp/", '/');
        -: 6789:#endif
        -: 6790:}
        -: 6791:
        -: 6792:// Class ScopedTrace
        -: 6793:
        -: 6794:// Pushes the given source file location and message onto a per-thread
        -: 6795:// trace stack maintained by Google Test.
function _ZN7testing11ScopedTrace9PushTraceEPKciNSt7__cxx1112basic_stringIcSt11char_traitsIcESaIcEEE called 0 returned 0% blocks executed 0%
    #####: 6796:void ScopedTrace::PushTrace(const char* file, int line, std::string message) {
    #####: 6797:  internal::TraceInfo trace;
    %%%%%: 6797-block  0
call    0 never executed
    #####: 6798:  trace.file = file;
    #####: 6799:  trace.line = line;
    #####: 6800:  trace.message.swap(message);
call    0 never executed
        -: 6801:
    #####: 6802:  UnitTest::GetInstance()->PushGTestTrace(trace);
call    0 never executed
branch  1 never executed (fallthrough)
branch  2 never executed (throw)
    %%%%%: 6802-block  0
call    3 never executed
branch  4 never executed (fallthrough)
branch  5 never executed (throw)
    #####: 6803:}
    %%%%%: 6803-block  0
call    0 never executed
    $$$$$: 6803-block  1
call    1 never executed
        -: 6804:
        -: 6805:// Pops the info pushed by the c'tor.
function _ZN7testing11ScopedTraceD2Ev called 0 returned 0% blocks executed 0%
    #####: 6806:ScopedTrace::~ScopedTrace() GTEST_LOCK_EXCLUDED_(&UnitTest::mutex_) {
    #####: 6807:  UnitTest::GetInstance()->PopGTestTrace();
    %%%%%: 6807-block  0
call    0 never executed
call    1 never executed
    #####: 6808:}
        -: 6809:
        -: 6810:}  // namespace testing
